#
# A fatal error has been detected by the Java Runtime Environment:
#
#  SIGBUS (0xa) at pc=0x000000010d53a44d, pid=89797, tid=12803
#
# JRE version: OpenJDK Runtime Environment Corretto-17.0.2.8.1 (17.0.2+8) (build 17.0.2+8-LTS)
# Java VM: OpenJDK 64-Bit Server VM Corretto-17.0.2.8.1 (17.0.2+8-LTS, mixed mode, sharing, tiered, compressed oops, compressed class ptrs, g1 gc, bsd-amd64)
# Problematic frame:
# V  [libjvm.dylib+0x41744d]  _ZN16G1ConcurrentMark19mark_in_next_bitmapEjP10HeapRegionP7oopDesc+0xad
#
# No core dump will be written. Core dumps have been disabled. To enable core dumping, try "ulimit -c unlimited" before starting Java again
#
# If you would like to submit a bug report, please visit:
#   https://github.com/corretto/corretto-17/issues/
#

---------------  S U M M A R Y ------------

Command Line: -XX:+ShowCodeDetailsInExceptionMessages com.example.jwt.JwtApplication

Host: "MacBookPro12,1" x86_64 2700 MHz, 4 cores, 8G, Darwin 21.6.0, macOS 12.6.2 (21G320)
Time: Thu Feb 16 23:49:56 2023 GMT elapsed time: 9.677936 seconds (0d 0h 0m 9s)

---------------  T H R E A D  ---------------

Current thread (0x00007f845ff2a8e0):  ConcurrentGCThread "G1 Conc#0" [stack: 0x0000700006d29000,0x0000700006e29000] [id=12803]

Stack: [0x0000700006d29000,0x0000700006e29000],  sp=0x0000700006e26c30,  free space=1015k
Native frames: (J=compiled Java code, j=interpreted, Vv=VM code, C=native code)
V  [libjvm.dylib+0x41744d]  _ZN16G1ConcurrentMark19mark_in_next_bitmapEjP10HeapRegionP7oopDesc+0xad
V  [libjvm.dylib+0x41725a]  _ZN8G1CMTask19make_reference_greyEP7oopDesc+0x3a
V  [libjvm.dylib+0x417131]  _ZN21OopOopIterateDispatchI14G1CMOopClosureE5Table15oop_oop_iterateI13InstanceKlass9narrowOopEEvPS0_P7oopDescP5Klass+0xd1
V  [libjvm.dylib+0x4312f3]  _ZN8G1CMTask23process_grey_task_entryILb1EEEv16G1TaskQueueEntry+0x1d3
V  [libjvm.dylib+0x429dbf]  _ZN8G1CMTask17drain_local_queueEb+0x15f
V  [libjvm.dylib+0x4305ba]  _ZN10G1CMBitMap7iterateEP17G1CMBitMapClosure9MemRegion+0x12a
V  [libjvm.dylib+0x42f9cf]  _ZN8G1CMTask15do_marking_stepEdbb+0x2bf
V  [libjvm.dylib+0x431744]  _ZN25G1CMConcurrentMarkingTask4workEj+0xb4
V  [libjvm.dylib+0xb4933c]  _ZN10GangWorker4loopEv+0x5c
V  [libjvm.dylib+0xb492c6]  _ZN10GangWorker3runEv+0x16
V  [libjvm.dylib+0xa9ce0a]  _ZN6Thread8call_runEv+0x10a
V  [libjvm.dylib+0x8a81f8]  _ZL19thread_native_entryP6Thread+0x148
C  [libsystem_pthread.dylib+0x64e1]  _pthread_start+0x7d
C  [libsystem_pthread.dylib+0x1f6b]  thread_start+0xf


siginfo: si_signo: 10 (SIGBUS), si_code: 2 (BUS_ADRERR), si_addr: 0x0000000819447d09

Register to memory mapping:

RAX=0x000000010de3c330: _ZN23CompressedKlassPointers13_narrow_klassE+0 in /Library/Java/JavaVirtualMachines/amazon-corretto-17.jdk/Contents/Home/lib/server/libjvm.dylib at 0x000000010d123000
RBX=0x00000000003ff1d3 is an unknown value
RCX=0x0000049009249100 is an unknown value
RDX=0x0000000004000001 is an unknown value
RSP=0x0000700006e26c30 points into unknown readable memory: 0x00007f845ff2b850 | 50 b8 f2 5f 84 7f 00 00
RBP=0x0000700006e26c50 points into unknown readable memory: 0x0000700006e26c80 | 80 6c e2 06 00 70 00 00
RSI=0x0000000112293e98 points into unknown readable memory: 0x000004900d249122 | 22 91 24 0d 90 04 00 00
RDI=0x0000000819447d01 is an unknown value
R8 =0x00007f8460822f78 points into unknown readable memory: 0x0000000000000003 | 03 00 00 00 00 00 00 00
R9 =0x0 is NULL
R10=0x0 is NULL
R11=0x0000000000003fff is an unknown value
R12=0x00000007ffe3a6d0 is pointing into object: java.util.ImmutableCollections$SetN 
{0x00000007ffe3a6c0} - klass: 'java/util/ImmutableCollections$SetN'
 - ---- fields (total size 3 words):
 - final synchronized 'size' 'I' @12  0
 - final synchronized 'elements' '[Ljava/lang/Object;' @16  a 'java/lang/Object'[0] {0x00000007ffe3a6d8} (fffc74db)
R13=0x0000700006e26db8 points into unknown readable memory: 0x000000010de15e00 | 00 5e e1 0d 01 00 00 00
R14=0x0 is NULL
R15=0x00007f8460042c00 points into unknown readable memory: 0x00007f845ff29b40 | 40 9b f2 5f 84 7f 00 00


Registers:
RAX=0x000000010de3c330, RBX=0x00000000003ff1d3, RCX=0x0000049009249100, RDX=0x0000000004000001
RSP=0x0000700006e26c30, RBP=0x0000700006e26c50, RSI=0x0000000112293e98, RDI=0x0000000819447d01
R8 =0x00007f8460822f78, R9 =0x0000000000000000, R10=0x0000000000000000, R11=0x0000000000003fff
R12=0x00000007ffe3a6d0, R13=0x0000700006e26db8, R14=0x0000000000000000, R15=0x00007f8460042c00
RIP=0x000000010d53a44d, EFLAGS=0x0000000000010202, ERR=0x0000000000000004
  TRAPNO=0x000000000000000e

Top of Stack: (sp=0x0000700006e26c30)
0x0000700006e26c30:   00007f845ff2b850 00000007ffe41ba4
0x0000700006e26c40:   00000007ffe41b94 00000007ffe3a6d0
0x0000700006e26c50:   0000700006e26c80 000000010d53a25a
0x0000700006e26c60:   00000000fffc74da 000000010de3c320
0x0000700006e26c70:   00000007ffe41b94 000000080016db18
0x0000700006e26c80:   0000700006e26cd0 000000010d53a131
0x0000700006e26c90:   00000007ffe41b48 000000080016db20
0x0000700006e26ca0:   00000007ffe41b88 00007f845ff2b850
0x0000700006e26cb0:   0000700006e26db8 0000000000000004
0x0000700006e26cc0:   00000007ffe41b88 000000080016d8f8
0x0000700006e26cd0:   0000700006e26d10 000000010d5542f3
0x0000700006e26ce0:   00007f8460d47000 00000007ffe55fb8
0x0000700006e26cf0:   00007f845ff2b850 0000000100000000
0x0000700006e26d00:   0000000000000040 0000000000000000
0x0000700006e26d10:   0000700006e26d50 000000010d54cdbf
0x0000700006e26d20:   0000000000065b1d 00000007ffe55fb8
0x0000700006e26d30:   0000000000003001 000000000ffcabf7
0x0000700006e26d40:   000000000ffcec00 0000700006e26de0
0x0000700006e26d50:   0000700006e26da0 000000010d5535ba
0x0000700006e26d60:   000000010de16098 00000000003ff3b0
0x0000700006e26d70:   00007f8460042c50 00000007ffe00000
0x0000700006e26d80:   0000000000003000 00007f845ff2b850
0x0000700006e26d90:   000000010de7f780 0000000000000400
0x0000700006e26da0:   0000700006e28e50 000000010d5529cf
0x0000700006e26db0:   0000000000000000 000000010de15e00
0x0000700006e26dc0:   00007f845ff33210 0000000000000003
0x0000700006e26dd0:   00007f846000e200 00007f845ff2b850
0x0000700006e26de0:   00007f8460042c00 00007f845ff2b850
0x0000700006e26df0:   0000000000000000 00007f845ff2b988
0x0000700006e26e00:   3fe0000000000000 0000000000000001
0x0000700006e26e10:   3fe0000000000001 00007f845ff2b8d8
0x0000700006e26e20:   0000000000000000 0000000000000000 

Instructions: (pc=0x000000010d53a44d)
0x000000010d53a34d:   fe fe ff 01 00 74 30 48 8b 90 80 01 00 00 4c 89
0x000000010d53a35d:   3c ca 83 c1 01 81 e1 ff ff 01 00 eb 14 48 8b 90
0x000000010d53a36d:   80 01 00 00 4c 89 3c ca 83 c1 01 81 e1 ff ff 01
0x000000010d53a37d:   00 89 88 80 00 00 00 44 89 f0 48 83 c4 08 5b 41
0x000000010d53a38d:   5e 41 5f 5d c3 66 2e 0f 1f 84 00 00 00 00 00 0f
0x000000010d53a39d:   1f 40 00 55 48 89 e5 41 57 41 56 41 54 53 48 39
0x000000010d53a3ad:   8a a0 00 00 00 0f 86 a5 00 00 00 49 89 cc 41 89
0x000000010d53a3bd:   f6 49 89 ff 48 8b 9f 98 00 00 00 48 8b 03 48 89
0x000000010d53a3cd:   df 48 89 ce ff 10 4c 89 e0 48 2b 43 08 48 c1 e8
0x000000010d53a3dd:   03 8a 4b 18 48 d3 e8 48 8b 7b 20 48 89 c3 ba 01
0x000000010d53a3ed:   00 00 00 89 c1 48 d3 e2 48 c1 eb 06 48 8d 34 df
0x000000010d53a3fd:   48 8b 0c df 66 2e 0f 1f 84 00 00 00 00 00 0f 1f
0x000000010d53a40d:   44 00 00 48 89 cf 48 09 d7 48 39 cf 74 42 48 89
0x000000010d53a41d:   c8 f0 48 0f b1 3e 48 39 c8 48 89 c1 75 e5 48 8d
0x000000010d53a42d:   05 07 4e 94 00 8a 10 84 d2 74 2c 41 8b 7c 24 08
0x000000010d53a43d:   48 8d 05 ec 1e 90 00 8a 48 08 48 d3 e7 48 03 38
0x000000010d53a44d:   8b 47 08 85 c0 7e 1c a8 01 75 1c c1 e8 03 eb 5d
0x000000010d53a45d:   31 c0 e9 e2 00 00 00 49 8b 7c 24 08 8b 47 08 85
0x000000010d53a46d:   c0 7f e4 85 c0 78 0e 48 8b 07 4c 89 e6 ff 90 00
0x000000010d53a47d:   01 00 00 eb 38 31 c9 84 d2 0f 94 c1 49 63 54 8c
0x000000010d53a48d:   0c 89 c1 48 d3 e2 c1 e8 10 0f b6 c0 48 01 d0 48
0x000000010d53a49d:   8d 0d 51 3d 90 00 48 63 09 48 8d 14 01 48 83 c2
0x000000010d53a4ad:   ff f7 d9 48 63 c1 48 21 d0 48 c1 e8 03 4c 63 c0
0x000000010d53a4bd:   49 8b 87 08 03 00 00 44 89 f1 48 8b 14 c8 48 8b
0x000000010d53a4cd:   42 18 48 8b b8 b8 01 00 00 8a 88 c0 01 00 00 48
0x000000010d53a4dd:   d3 e7 48 8b 72 40 49 29 fc 48 8d 05 83 52 94 00
0x000000010d53a4ed:   8a 08 49 d3 ec 8b 4a 60 44 21 e1 48 c1 e1 04 8b
0x000000010d53a4fd:   3c 0e 44 39 e7 75 06 48 83 c2 50 eb 31 4c 8d 0c
0x000000010d53a50d:   0e 48 8d 04 0e 48 83 c0 08 48 8b 5c 0e 08 48 85
0x000000010d53a51d:   db 74 0d 48 c1 e7 03 48 03 7a 38 f0 48 0f c1 1f
0x000000010d53a52d:   48 c7 00 00 00 00 00 45 89 21 48 83 c2 58 48 83
0x000000010d53a53d:   02 01 4c 01 44 0e 08 b0 01 5b 41 5c 41 5e 41 5f 


Stack slot to memory mapping:
stack at sp + 0 slots: 0x00007f845ff2b850 points into unknown readable memory: 0x000000010de15e40 | 40 5e e1 0d 01 00 00 00
stack at sp + 1 slots: 0x00000007ffe41ba4 is pointing into object: java.lang.module.ModuleDescriptor$Requires 
{0x00000007ffe41b88} - klass: 'java/lang/module/ModuleDescriptor$Requires'
 - ---- fields (total size 4 words):
 - private final 'mods' 'Ljava/util/Set;' @12  
[error occurred during error reporting (inspecting top of stack), id 0xa, SIGBUS (0xa) at pc=0x000000010d9ba82e]


---------------  P R O C E S S  ---------------

Threads class SMR info:
_java_thread_list=0x00007f8463316830, length=14, elements={
0x00007f846000d600, 0x00007f8461068600, 0x00007f846106ae00, 0x00007f8460061400,
0x00007f8460060e00, 0x00007f8460062200, 0x00007f8460062800, 0x00007f84600c8a00,
0x00007f8461071600, 0x00007f84600d3000, 0x00007f84600d4000, 0x00007f846036f200,
0x00007f846036f800, 0x00007f8460493000
}

Java Threads: ( => current thread )
  0x00007f846000d600 JavaThread "main" [_thread_blocked, id=9475, stack(0x0000700006a20000,0x0000700006b20000)]
  0x00007f8461068600 JavaThread "Reference Handler" daemon [_thread_blocked, id=17411, stack(0x0000700007135000,0x0000700007235000)]
  0x00007f846106ae00 JavaThread "Finalizer" daemon [_thread_blocked, id=17155, stack(0x0000700007238000,0x0000700007338000)]
  0x00007f8460061400 JavaThread "Signal Dispatcher" daemon [_thread_blocked, id=22531, stack(0x0000700007441000,0x0000700007541000)]
  0x00007f8460060e00 JavaThread "Service Thread" daemon [_thread_blocked, id=41731, stack(0x0000700007544000,0x0000700007644000)]
  0x00007f8460062200 JavaThread "Monitor Deflation Thread" daemon [_thread_blocked, id=41219, stack(0x0000700007647000,0x0000700007747000)]
  0x00007f8460062800 JavaThread "C2 CompilerThread0" daemon [_thread_in_native, id=22787, stack(0x000070000774a000,0x000070000784a000)]
  0x00007f84600c8a00 JavaThread "C1 CompilerThread0" daemon [_thread_in_native, id=40451, stack(0x000070000784d000,0x000070000794d000)]
  0x00007f8461071600 JavaThread "Sweeper thread" daemon [_thread_blocked, id=39939, stack(0x0000700007950000,0x0000700007a50000)]
  0x00007f84600d3000 JavaThread "Notification Thread" daemon [_thread_blocked, id=39683, stack(0x0000700007a53000,0x0000700007b53000)]
  0x00007f84600d4000 JavaThread "Common-Cleaner" daemon [_thread_blocked, id=24067, stack(0x0000700007c59000,0x0000700007d59000)]
  0x00007f846036f200 JavaThread "Thread-0" [_thread_blocked, id=24835, stack(0x0000700007f62000,0x0000700008062000)]
  0x00007f846036f800 JavaThread "restartedMain" [_thread_in_vm, id=38403, stack(0x0000700008065000,0x0000700008165000)]
  0x00007f8460493000 JavaThread "C2 CompilerThread1" daemon [_thread_in_native, id=37639, stack(0x000070000826b000,0x000070000836b000)]

Other Threads:
  0x00007f845ff35480 VMThread "VM Thread" [stack: 0x0000700007032000,0x0000700007132000] [id=15619]
  0x00007f845ff4a5b0 WatcherThread [stack: 0x0000700007b56000,0x0000700007c56000] [id=23555]
  0x00007f845ff28cf0 GCTaskThread "GC Thread#0" [stack: 0x0000700006b23000,0x0000700006c23000] [id=19971]
  0x00007f84608b7fd0 GCTaskThread "GC Thread#1" [stack: 0x0000700007d5c000,0x0000700007e5c000] [id=24323]
  0x00007f84608b8890 GCTaskThread "GC Thread#2" [stack: 0x0000700007e5f000,0x0000700007f5f000] [id=24579]
  0x00007f8461f15c50 GCTaskThread "GC Thread#3" [stack: 0x0000700008168000,0x0000700008268000] [id=38151]
  0x00007f845ff29b40 ConcurrentGCThread "G1 Main Marker" [stack: 0x0000700006c26000,0x0000700006d26000] [id=19459]
=>0x00007f845ff2a8e0 ConcurrentGCThread "G1 Conc#0" [stack: 0x0000700006d29000,0x0000700006e29000] [id=12803]
  0x00007f8460821210 ConcurrentGCThread "G1 Refine#0" [stack: 0x0000700006e2c000,0x0000700006f2c000] [id=18691]
  0x00007f845ff2b9d0 ConcurrentGCThread "G1 Service" [stack: 0x0000700006f2f000,0x000070000702f000] [id=13827]

Threads with active compile tasks:
C2 CompilerThread0     9691 2810       4       org.springframework.core.ResolvableType::forType (115 bytes)
C1 CompilerThread0     9691 2899       3       jdk.internal.misc.InnocuousThread::eraseThreadLocals (23 bytes)
C2 CompilerThread1     9691 2808       4       java.lang.invoke.MethodType::makeImpl (109 bytes)

VM state: not at safepoint (normal execution)

VM Mutex/Monitor currently owned by a thread: None

Heap address: 0x0000000780000000, size: 2048 MB, Compressed Oops mode: Zero based, Oop shift amount: 3

CDS archive(s) mapped at: [0x0000000800000000-0x0000000800bd2000-0x0000000800bd2000), size 12394496, SharedBaseAddress: 0x0000000800000000, ArchiveRelocationMode: 0.
Compressed class space mapped at: 0x0000000800c00000-0x0000000840c00000, reserved size: 1073741824
Narrow klass base: 0x0000000800000000, Narrow klass shift: 0, Narrow klass range: 0x100000000

GC Precious Log:
 CPUs: 4 total, 4 available
 Memory: 8192M
 Large Page Support: Disabled
 NUMA Support: Disabled
 Compressed Oops: Enabled (Zero based)
 Heap Region Size: 1M
 Heap Min Capacity: 8M
 Heap Initial Capacity: 128M
 Heap Max Capacity: 2G
 Pre-touch: Disabled
 Parallel Workers: 4
 Concurrent Workers: 1
 Concurrent Refinement Workers: 4
 Periodic GC: Disabled

Heap:
 garbage-first heap   total 133120K, used 13183K [0x0000000780000000, 0x0000000800000000)
  region size 1024K, 7 young (7168K), 7 survivors (7168K)
 Metaspace       used 21282K, committed 21568K, reserved 1073152K
  class space    used 2720K, committed 2816K, reserved 1048576K

Heap Regions: E=young(eden), S=young(survivor), O=old, HS=humongous(starts), HC=humongous(continues), CS=collection set, F=free, OA=open archive, CA=closed archive, TAMS=top-at-mark-start (previous, next)
|   0|0x0000000780000000, 0x0000000780100000, 0x0000000780100000|100%|HS|  |TAMS 0x0000000780000000, 0x0000000780100000| Complete 
|   1|0x0000000780100000, 0x0000000780200000, 0x0000000780200000|100%| O|  |TAMS 0x0000000780100000, 0x0000000780200000| Untracked 
|   2|0x0000000780200000, 0x0000000780300000, 0x0000000780300000|100%| O|  |TAMS 0x0000000780200000, 0x0000000780300000| Untracked 
|   3|0x0000000780300000, 0x0000000780400000, 0x0000000780400000|100%| O|  |TAMS 0x0000000780300000, 0x0000000780400000| Untracked 
|   4|0x0000000780400000, 0x0000000780500000, 0x0000000780500000|100%| O|  |TAMS 0x0000000780400000, 0x0000000780500000| Untracked 
|   5|0x0000000780500000, 0x00000007805d4400, 0x0000000780600000| 82%| O|  |TAMS 0x0000000780500000, 0x00000007805d4400| Untracked 
|   6|0x0000000780600000, 0x0000000780600000, 0x0000000780700000|  0%| F|  |TAMS 0x0000000780600000, 0x0000000780600000| Untracked 
|   7|0x0000000780700000, 0x0000000780700000, 0x0000000780800000|  0%| F|  |TAMS 0x0000000780700000, 0x0000000780700000| Untracked 
|   8|0x0000000780800000, 0x0000000780800000, 0x0000000780900000|  0%| F|  |TAMS 0x0000000780800000, 0x0000000780800000| Untracked 
|   9|0x0000000780900000, 0x0000000780900000, 0x0000000780a00000|  0%| F|  |TAMS 0x0000000780900000, 0x0000000780900000| Untracked 
|  10|0x0000000780a00000, 0x0000000780a00000, 0x0000000780b00000|  0%| F|  |TAMS 0x0000000780a00000, 0x0000000780a00000| Untracked 
|  11|0x0000000780b00000, 0x0000000780b00000, 0x0000000780c00000|  0%| F|  |TAMS 0x0000000780b00000, 0x0000000780b00000| Untracked 
|  12|0x0000000780c00000, 0x0000000780c00000, 0x0000000780d00000|  0%| F|  |TAMS 0x0000000780c00000, 0x0000000780c00000| Untracked 
|  13|0x0000000780d00000, 0x0000000780d00000, 0x0000000780e00000|  0%| F|  |TAMS 0x0000000780d00000, 0x0000000780d00000| Untracked 
|  14|0x0000000780e00000, 0x0000000780e00000, 0x0000000780f00000|  0%| F|  |TAMS 0x0000000780e00000, 0x0000000780e00000| Untracked 
|  15|0x0000000780f00000, 0x0000000780f00000, 0x0000000781000000|  0%| F|  |TAMS 0x0000000780f00000, 0x0000000780f00000| Untracked 
|  16|0x0000000781000000, 0x0000000781000000, 0x0000000781100000|  0%| F|  |TAMS 0x0000000781000000, 0x0000000781000000| Untracked 
|  17|0x0000000781100000, 0x0000000781100000, 0x0000000781200000|  0%| F|  |TAMS 0x0000000781100000, 0x0000000781100000| Untracked 
|  18|0x0000000781200000, 0x0000000781200000, 0x0000000781300000|  0%| F|  |TAMS 0x0000000781200000, 0x0000000781200000| Untracked 
|  19|0x0000000781300000, 0x0000000781300000, 0x0000000781400000|  0%| F|  |TAMS 0x0000000781300000, 0x0000000781300000| Untracked 
|  20|0x0000000781400000, 0x0000000781400000, 0x0000000781500000|  0%| F|  |TAMS 0x0000000781400000, 0x0000000781400000| Untracked 
|  21|0x0000000781500000, 0x0000000781500000, 0x0000000781600000|  0%| F|  |TAMS 0x0000000781500000, 0x0000000781500000| Untracked 
|  22|0x0000000781600000, 0x0000000781600000, 0x0000000781700000|  0%| F|  |TAMS 0x0000000781600000, 0x0000000781600000| Untracked 
|  23|0x0000000781700000, 0x0000000781700000, 0x0000000781800000|  0%| F|  |TAMS 0x0000000781700000, 0x0000000781700000| Untracked 
|  24|0x0000000781800000, 0x0000000781800000, 0x0000000781900000|  0%| F|  |TAMS 0x0000000781800000, 0x0000000781800000| Untracked 
|  25|0x0000000781900000, 0x0000000781900000, 0x0000000781a00000|  0%| F|  |TAMS 0x0000000781900000, 0x0000000781900000| Untracked 
|  26|0x0000000781a00000, 0x0000000781a00000, 0x0000000781b00000|  0%| F|  |TAMS 0x0000000781a00000, 0x0000000781a00000| Untracked 
|  27|0x0000000781b00000, 0x0000000781b00000, 0x0000000781c00000|  0%| F|  |TAMS 0x0000000781b00000, 0x0000000781b00000| Untracked 
|  28|0x0000000781c00000, 0x0000000781c00000, 0x0000000781d00000|  0%| F|  |TAMS 0x0000000781c00000, 0x0000000781c00000| Untracked 
|  29|0x0000000781d00000, 0x0000000781d00000, 0x0000000781e00000|  0%| F|  |TAMS 0x0000000781d00000, 0x0000000781d00000| Untracked 
|  30|0x0000000781e00000, 0x0000000781e00000, 0x0000000781f00000|  0%| F|  |TAMS 0x0000000781e00000, 0x0000000781e00000| Untracked 
|  31|0x0000000781f00000, 0x0000000781f00000, 0x0000000782000000|  0%| F|  |TAMS 0x0000000781f00000, 0x0000000781f00000| Untracked 
|  32|0x0000000782000000, 0x0000000782000000, 0x0000000782100000|  0%| F|  |TAMS 0x0000000782000000, 0x0000000782000000| Untracked 
|  33|0x0000000782100000, 0x0000000782100000, 0x0000000782200000|  0%| F|  |TAMS 0x0000000782100000, 0x0000000782100000| Untracked 
|  34|0x0000000782200000, 0x0000000782200000, 0x0000000782300000|  0%| F|  |TAMS 0x0000000782200000, 0x0000000782200000| Untracked 
|  35|0x0000000782300000, 0x0000000782300000, 0x0000000782400000|  0%| F|  |TAMS 0x0000000782300000, 0x0000000782300000| Untracked 
|  36|0x0000000782400000, 0x0000000782400000, 0x0000000782500000|  0%| F|  |TAMS 0x0000000782400000, 0x0000000782400000| Untracked 
|  37|0x0000000782500000, 0x0000000782500000, 0x0000000782600000|  0%| F|  |TAMS 0x0000000782500000, 0x0000000782500000| Untracked 
|  38|0x0000000782600000, 0x0000000782600000, 0x0000000782700000|  0%| F|  |TAMS 0x0000000782600000, 0x0000000782600000| Untracked 
|  39|0x0000000782700000, 0x0000000782700000, 0x0000000782800000|  0%| F|  |TAMS 0x0000000782700000, 0x0000000782700000| Untracked 
|  40|0x0000000782800000, 0x0000000782800000, 0x0000000782900000|  0%| F|  |TAMS 0x0000000782800000, 0x0000000782800000| Untracked 
|  41|0x0000000782900000, 0x0000000782900000, 0x0000000782a00000|  0%| F|  |TAMS 0x0000000782900000, 0x0000000782900000| Untracked 
|  42|0x0000000782a00000, 0x0000000782a00000, 0x0000000782b00000|  0%| F|  |TAMS 0x0000000782a00000, 0x0000000782a00000| Untracked 
|  43|0x0000000782b00000, 0x0000000782b00000, 0x0000000782c00000|  0%| F|  |TAMS 0x0000000782b00000, 0x0000000782b00000| Untracked 
|  44|0x0000000782c00000, 0x0000000782c00000, 0x0000000782d00000|  0%| F|  |TAMS 0x0000000782c00000, 0x0000000782c00000| Untracked 
|  45|0x0000000782d00000, 0x0000000782d00000, 0x0000000782e00000|  0%| F|  |TAMS 0x0000000782d00000, 0x0000000782d00000| Untracked 
|  46|0x0000000782e00000, 0x0000000782e00000, 0x0000000782f00000|  0%| F|  |TAMS 0x0000000782e00000, 0x0000000782e00000| Untracked 
|  47|0x0000000782f00000, 0x0000000782f00000, 0x0000000783000000|  0%| F|  |TAMS 0x0000000782f00000, 0x0000000782f00000| Untracked 
|  48|0x0000000783000000, 0x0000000783000000, 0x0000000783100000|  0%| F|  |TAMS 0x0000000783000000, 0x0000000783000000| Untracked 
|  49|0x0000000783100000, 0x0000000783100000, 0x0000000783200000|  0%| F|  |TAMS 0x0000000783100000, 0x0000000783100000| Untracked 
|  50|0x0000000783200000, 0x0000000783200000, 0x0000000783300000|  0%| F|  |TAMS 0x0000000783200000, 0x0000000783200000| Untracked 
|  51|0x0000000783300000, 0x0000000783300000, 0x0000000783400000|  0%| F|  |TAMS 0x0000000783300000, 0x0000000783300000| Untracked 
|  52|0x0000000783400000, 0x0000000783400000, 0x0000000783500000|  0%| F|  |TAMS 0x0000000783400000, 0x0000000783400000| Untracked 
|  53|0x0000000783500000, 0x0000000783500000, 0x0000000783600000|  0%| F|  |TAMS 0x0000000783500000, 0x0000000783500000| Untracked 
|  54|0x0000000783600000, 0x0000000783600000, 0x0000000783700000|  0%| F|  |TAMS 0x0000000783600000, 0x0000000783600000| Untracked 
|  55|0x0000000783700000, 0x0000000783700000, 0x0000000783800000|  0%| F|  |TAMS 0x0000000783700000, 0x0000000783700000| Untracked 
|  56|0x0000000783800000, 0x0000000783800000, 0x0000000783900000|  0%| F|  |TAMS 0x0000000783800000, 0x0000000783800000| Untracked 
|  57|0x0000000783900000, 0x0000000783900000, 0x0000000783a00000|  0%| F|  |TAMS 0x0000000783900000, 0x0000000783900000| Untracked 
|  58|0x0000000783a00000, 0x0000000783a00000, 0x0000000783b00000|  0%| F|  |TAMS 0x0000000783a00000, 0x0000000783a00000| Untracked 
|  59|0x0000000783b00000, 0x0000000783b16ad8, 0x0000000783c00000|  8%| S|CS|TAMS 0x0000000783b00000, 0x0000000783b00000| Complete 
|  60|0x0000000783c00000, 0x0000000783d00000, 0x0000000783d00000|100%| S|CS|TAMS 0x0000000783c00000, 0x0000000783c00000| Complete 
|  61|0x0000000783d00000, 0x0000000783e00000, 0x0000000783e00000|100%| S|CS|TAMS 0x0000000783d00000, 0x0000000783d00000| Complete 
|  62|0x0000000783e00000, 0x0000000783f00000, 0x0000000783f00000|100%| S|CS|TAMS 0x0000000783e00000, 0x0000000783e00000| Complete 
|  63|0x0000000783f00000, 0x0000000784000000, 0x0000000784000000|100%| S|CS|TAMS 0x0000000783f00000, 0x0000000783f00000| Complete 
|  64|0x0000000784000000, 0x0000000784100000, 0x0000000784100000|100%| S|CS|TAMS 0x0000000784000000, 0x0000000784000000| Complete 
|  65|0x0000000784100000, 0x0000000784200000, 0x0000000784200000|100%| S|CS|TAMS 0x0000000784100000, 0x0000000784100000| Complete 
|  66|0x0000000784200000, 0x0000000784200000, 0x0000000784300000|  0%| F|  |TAMS 0x0000000784200000, 0x0000000784200000| Untracked 
|  67|0x0000000784300000, 0x0000000784300000, 0x0000000784400000|  0%| F|  |TAMS 0x0000000784300000, 0x0000000784300000| Untracked 
|  68|0x0000000784400000, 0x0000000784400000, 0x0000000784500000|  0%| F|  |TAMS 0x0000000784400000, 0x0000000784400000| Untracked 
|  69|0x0000000784500000, 0x0000000784500000, 0x0000000784600000|  0%| F|  |TAMS 0x0000000784500000, 0x0000000784500000| Untracked 
|  70|0x0000000784600000, 0x0000000784600000, 0x0000000784700000|  0%| F|  |TAMS 0x0000000784600000, 0x0000000784600000| Untracked 
|  71|0x0000000784700000, 0x0000000784700000, 0x0000000784800000|  0%| F|  |TAMS 0x0000000784700000, 0x0000000784700000| Untracked 
|  72|0x0000000784800000, 0x0000000784800000, 0x0000000784900000|  0%| F|  |TAMS 0x0000000784800000, 0x0000000784800000| Untracked 
|  73|0x0000000784900000, 0x0000000784900000, 0x0000000784a00000|  0%| F|  |TAMS 0x0000000784900000, 0x0000000784900000| Untracked 
|  74|0x0000000784a00000, 0x0000000784a00000, 0x0000000784b00000|  0%| F|  |TAMS 0x0000000784a00000, 0x0000000784a00000| Untracked 
|  75|0x0000000784b00000, 0x0000000784b00000, 0x0000000784c00000|  0%| F|  |TAMS 0x0000000784b00000, 0x0000000784b00000| Untracked 
|  76|0x0000000784c00000, 0x0000000784c00000, 0x0000000784d00000|  0%| F|  |TAMS 0x0000000784c00000, 0x0000000784c00000| Untracked 
|  77|0x0000000784d00000, 0x0000000784d00000, 0x0000000784e00000|  0%| F|  |TAMS 0x0000000784d00000, 0x0000000784d00000| Untracked 
|  78|0x0000000784e00000, 0x0000000784e00000, 0x0000000784f00000|  0%| F|  |TAMS 0x0000000784e00000, 0x0000000784e00000| Untracked 
|  79|0x0000000784f00000, 0x0000000784f00000, 0x0000000785000000|  0%| F|  |TAMS 0x0000000784f00000, 0x0000000784f00000| Untracked 
|  80|0x0000000785000000, 0x0000000785000000, 0x0000000785100000|  0%| F|  |TAMS 0x0000000785000000, 0x0000000785000000| Untracked 
|  81|0x0000000785100000, 0x0000000785100000, 0x0000000785200000|  0%| F|  |TAMS 0x0000000785100000, 0x0000000785100000| Untracked 
|  82|0x0000000785200000, 0x0000000785200000, 0x0000000785300000|  0%| F|  |TAMS 0x0000000785200000, 0x0000000785200000| Untracked 
|  83|0x0000000785300000, 0x0000000785300000, 0x0000000785400000|  0%| F|  |TAMS 0x0000000785300000, 0x0000000785300000| Untracked 
|  84|0x0000000785400000, 0x0000000785400000, 0x0000000785500000|  0%| F|  |TAMS 0x0000000785400000, 0x0000000785400000| Untracked 
|  85|0x0000000785500000, 0x0000000785500000, 0x0000000785600000|  0%| F|  |TAMS 0x0000000785500000, 0x0000000785500000| Untracked 
|  86|0x0000000785600000, 0x0000000785600000, 0x0000000785700000|  0%| F|  |TAMS 0x0000000785600000, 0x0000000785600000| Untracked 
|  87|0x0000000785700000, 0x0000000785700000, 0x0000000785800000|  0%| F|  |TAMS 0x0000000785700000, 0x0000000785700000| Untracked 
|  88|0x0000000785800000, 0x0000000785800000, 0x0000000785900000|  0%| F|  |TAMS 0x0000000785800000, 0x0000000785800000| Untracked 
|  89|0x0000000785900000, 0x0000000785900000, 0x0000000785a00000|  0%| F|  |TAMS 0x0000000785900000, 0x0000000785900000| Untracked 
|  90|0x0000000785a00000, 0x0000000785a00000, 0x0000000785b00000|  0%| F|  |TAMS 0x0000000785a00000, 0x0000000785a00000| Untracked 
|  91|0x0000000785b00000, 0x0000000785b00000, 0x0000000785c00000|  0%| F|  |TAMS 0x0000000785b00000, 0x0000000785b00000| Untracked 
|  92|0x0000000785c00000, 0x0000000785c00000, 0x0000000785d00000|  0%| F|  |TAMS 0x0000000785c00000, 0x0000000785c00000| Untracked 
|  93|0x0000000785d00000, 0x0000000785d00000, 0x0000000785e00000|  0%| F|  |TAMS 0x0000000785d00000, 0x0000000785d00000| Untracked 
|  94|0x0000000785e00000, 0x0000000785e00000, 0x0000000785f00000|  0%| F|  |TAMS 0x0000000785e00000, 0x0000000785e00000| Untracked 
|  95|0x0000000785f00000, 0x0000000785f00000, 0x0000000786000000|  0%| F|  |TAMS 0x0000000785f00000, 0x0000000785f00000| Untracked 
|  96|0x0000000786000000, 0x0000000786000000, 0x0000000786100000|  0%| F|  |TAMS 0x0000000786000000, 0x0000000786000000| Untracked 
|  97|0x0000000786100000, 0x0000000786100000, 0x0000000786200000|  0%| F|  |TAMS 0x0000000786100000, 0x0000000786100000| Untracked 
|  98|0x0000000786200000, 0x0000000786200000, 0x0000000786300000|  0%| F|  |TAMS 0x0000000786200000, 0x0000000786200000| Untracked 
|  99|0x0000000786300000, 0x0000000786300000, 0x0000000786400000|  0%| F|  |TAMS 0x0000000786300000, 0x0000000786300000| Untracked 
| 100|0x0000000786400000, 0x0000000786400000, 0x0000000786500000|  0%| F|  |TAMS 0x0000000786400000, 0x0000000786400000| Untracked 
| 101|0x0000000786500000, 0x0000000786500000, 0x0000000786600000|  0%| F|  |TAMS 0x0000000786500000, 0x0000000786500000| Untracked 
| 102|0x0000000786600000, 0x0000000786600000, 0x0000000786700000|  0%| F|  |TAMS 0x0000000786600000, 0x0000000786600000| Untracked 
| 103|0x0000000786700000, 0x0000000786700000, 0x0000000786800000|  0%| F|  |TAMS 0x0000000786700000, 0x0000000786700000| Untracked 
| 104|0x0000000786800000, 0x0000000786800000, 0x0000000786900000|  0%| F|  |TAMS 0x0000000786800000, 0x0000000786800000| Untracked 
| 105|0x0000000786900000, 0x0000000786900000, 0x0000000786a00000|  0%| F|  |TAMS 0x0000000786900000, 0x0000000786900000| Untracked 
| 106|0x0000000786a00000, 0x0000000786a00000, 0x0000000786b00000|  0%| F|  |TAMS 0x0000000786a00000, 0x0000000786a00000| Untracked 
| 107|0x0000000786b00000, 0x0000000786b00000, 0x0000000786c00000|  0%| F|  |TAMS 0x0000000786b00000, 0x0000000786b00000| Untracked 
| 108|0x0000000786c00000, 0x0000000786c00000, 0x0000000786d00000|  0%| F|  |TAMS 0x0000000786c00000, 0x0000000786c00000| Untracked 
| 109|0x0000000786d00000, 0x0000000786d00000, 0x0000000786e00000|  0%| F|  |TAMS 0x0000000786d00000, 0x0000000786d00000| Untracked 
| 110|0x0000000786e00000, 0x0000000786e00000, 0x0000000786f00000|  0%| F|  |TAMS 0x0000000786e00000, 0x0000000786e00000| Untracked 
| 111|0x0000000786f00000, 0x0000000786f00000, 0x0000000787000000|  0%| F|  |TAMS 0x0000000786f00000, 0x0000000786f00000| Untracked 
| 112|0x0000000787000000, 0x0000000787000000, 0x0000000787100000|  0%| F|  |TAMS 0x0000000787000000, 0x0000000787000000| Untracked 
| 113|0x0000000787100000, 0x0000000787100000, 0x0000000787200000|  0%| F|  |TAMS 0x0000000787100000, 0x0000000787100000| Untracked 
| 114|0x0000000787200000, 0x0000000787200000, 0x0000000787300000|  0%| F|  |TAMS 0x0000000787200000, 0x0000000787200000| Untracked 
| 115|0x0000000787300000, 0x0000000787300000, 0x0000000787400000|  0%| F|  |TAMS 0x0000000787300000, 0x0000000787300000| Untracked 
| 116|0x0000000787400000, 0x0000000787400000, 0x0000000787500000|  0%| F|  |TAMS 0x0000000787400000, 0x0000000787400000| Untracked 
| 117|0x0000000787500000, 0x0000000787500000, 0x0000000787600000|  0%| F|  |TAMS 0x0000000787500000, 0x0000000787500000| Untracked 
| 118|0x0000000787600000, 0x0000000787600000, 0x0000000787700000|  0%| F|  |TAMS 0x0000000787600000, 0x0000000787600000| Untracked 
| 119|0x0000000787700000, 0x0000000787700000, 0x0000000787800000|  0%| F|  |TAMS 0x0000000787700000, 0x0000000787700000| Untracked 
| 120|0x0000000787800000, 0x0000000787800000, 0x0000000787900000|  0%| F|  |TAMS 0x0000000787800000, 0x0000000787800000| Untracked 
| 121|0x0000000787900000, 0x0000000787900000, 0x0000000787a00000|  0%| F|  |TAMS 0x0000000787900000, 0x0000000787900000| Untracked 
| 122|0x0000000787a00000, 0x0000000787a00000, 0x0000000787b00000|  0%| F|  |TAMS 0x0000000787a00000, 0x0000000787a00000| Untracked 
| 123|0x0000000787b00000, 0x0000000787b00000, 0x0000000787c00000|  0%| F|  |TAMS 0x0000000787b00000, 0x0000000787b00000| Untracked 
| 124|0x0000000787c00000, 0x0000000787c00000, 0x0000000787d00000|  0%| F|  |TAMS 0x0000000787c00000, 0x0000000787c00000| Untracked 
| 125|0x0000000787d00000, 0x0000000787d00000, 0x0000000787e00000|  0%| F|  |TAMS 0x0000000787d00000, 0x0000000787d00000| Untracked 
| 126|0x0000000787e00000, 0x0000000787e00000, 0x0000000787f00000|  0%| F|  |TAMS 0x0000000787e00000, 0x0000000787e00000| Untracked 
| 127|0x0000000787f00000, 0x0000000787f00000, 0x0000000788000000|  0%| F|  |TAMS 0x0000000787f00000, 0x0000000787f00000| Untracked 
|2046|0x00000007ffe00000, 0x00000007ffe76000, 0x00000007fff00000| 46%|OA|  |TAMS 0x00000007ffe00000, 0x00000007ffe76000| Untracked 
|2047|0x00000007fff00000, 0x00000007fff7f000, 0x0000000800000000| 49%|CA|  |TAMS 0x00000007fff00000, 0x00000007fff7f000| Untracked 

Card table byte_map: [0x000000010c000000,0x000000010c400000] _byte_map_base: 0x0000000108400000

Marking Bits (Prev, Next): (CMBitMap*) 0x00007f8460042c10, (CMBitMap*) 0x00007f8460042c50
 Prev Bits: [0x000000010e29b000, 0x000000011029b000)
 Next Bits: [0x000000011029b000, 0x000000011229b000)

Polling page: 0x0000000109901000

Metaspace:

Usage:
  Non-class:     18,13 MB used.
      Class:      2,66 MB used.
       Both:     20,78 MB used.

Virtual space:
  Non-class space:       24,00 MB reserved,      18,31 MB ( 76%) committed,  3 nodes.
      Class space:        1,00 GB reserved,       2,75 MB ( <1%) committed,  1 nodes.
             Both:        1,02 GB reserved,      21,06 MB (  2%) committed. 

Chunk freelists:
   Non-Class:  1,67 MB
       Class:  1,25 MB
        Both:  2,93 MB

MaxMetaspaceSize: unlimited
CompressedClassSpaceSize: 1,00 GB
Initial GC threshold: 21,00 MB
Current GC threshold: 21,31 MB
CDS: on
MetaspaceReclaimPolicy: balanced
 - commit_granule_bytes: 65536.
 - commit_granule_words: 8192.
 - virtual_space_node_default_size: 1048576.
 - enlarge_chunks_in_place: 1.
 - new_chunks_are_fully_committed: 0.
 - uncommit_free_chunks: 1.
 - use_allocation_guard: 0.
 - handle_deallocations: 1.


Internal statistics:

num_allocs_failed_limit: 3.
num_arena_births: 254.
num_arena_deaths: 0.
num_vsnodes_births: 4.
num_vsnodes_deaths: 0.
num_space_committed: 337.
num_space_uncommitted: 0.
num_chunks_returned_to_freelist: 3.
num_chunks_taken_from_freelist: 1016.
num_chunk_merges: 3.
num_chunk_splits: 678.
num_chunks_enlarged: 503.
num_purges: 0.
num_inconsistent_stats: 0.

CodeHeap 'non-profiled nmethods': size=120032Kb used=1223Kb max_used=1223Kb free=118808Kb
 bounds [0x0000000121e09000, 0x0000000122079000, 0x0000000129341000]
CodeHeap 'profiled nmethods': size=120028Kb used=6279Kb max_used=6279Kb free=113748Kb
 bounds [0x000000011a8d2000, 0x000000011af02000, 0x0000000121e09000]
CodeHeap 'non-nmethods': size=5700Kb used=1173Kb max_used=1218Kb free=4527Kb
 bounds [0x000000011a341000, 0x000000011a5b1000, 0x000000011a8d2000]
 total_blobs=3352 nmethods=2887 adapters=377
 compilation: enabled
              stopped_count=0, restarted_count=0
 full_count=0

Compilation events (20 events):
Event: 9,633 Thread 0x00007f84600c8a00 2894       2       java.util.ArrayList::<init> (12 bytes)
Event: 9,634 Thread 0x00007f84600c8a00 nmethod 2894 0x000000011aeec990 code [0x000000011aeecb20, 0x000000011aeecc90]
Event: 9,634 Thread 0x00007f84600c8a00 2897       2       java.util.ArrayList::<init> (61 bytes)
Event: 9,634 Thread 0x00007f84600c8a00 nmethod 2897 0x000000011aeecd10 code [0x000000011aeecf20, 0x000000011aeed410]
Event: 9,634 Thread 0x00007f84600c8a00 2889       3       java.util.StringJoiner::<init> (63 bytes)
Event: 9,634 Thread 0x00007f84600c8a00 nmethod 2889 0x000000011aeed610 code [0x000000011aeed860, 0x000000011aeee1e0]
Event: 9,634 Thread 0x00007f84600c8a00 2890       3       java.util.StringJoiner::toString (53 bytes)
Event: 9,635 Thread 0x00007f84600c8a00 nmethod 2890 0x000000011aeee510 code [0x000000011aeee6c0, 0x000000011aeee8c0]
Event: 9,635 Thread 0x00007f84600c8a00 2888       3       java.util.StringJoiner::add (110 bytes)
Event: 9,635 Thread 0x00007f84600c8a00 nmethod 2888 0x000000011aeee990 code [0x000000011aeeebe0, 0x000000011aeef6b0]
Event: 9,635 Thread 0x00007f84600c8a00 2896       3       java.lang.reflect.Method::getExceptionTypes (11 bytes)
Event: 9,635 Thread 0x00007f84600c8a00 nmethod 2896 0x000000011aeefa90 code [0x000000011aeefc40, 0x000000011aeeff00]
Event: 9,635 Thread 0x00007f84600c8a00 2891       3       java.lang.reflect.Method::getGenericReturnType (20 bytes)
Event: 9,636 Thread 0x00007f84600c8a00 nmethod 2891 0x000000011aef0010 code [0x000000011aef02c0, 0x000000011aef1410]
Event: 9,636 Thread 0x00007f84600c8a00 2892       1       java.beans.FeatureDescriptor::setName (6 bytes)
Event: 9,636 Thread 0x00007f84600c8a00 nmethod 2892 0x0000000121f3a490 code [0x0000000121f3a620, 0x0000000121f3a730]
Event: 9,636 Thread 0x00007f84600c8a00 2898       3       sun.reflect.misc.ReflectUtil::checkPackageAccess (14 bytes)
Event: 9,637 Thread 0x00007f84600c8a00 nmethod 2898 0x000000011aef1990 code [0x000000011aef1ca0, 0x000000011aef2f90]
Event: 9,637 Thread 0x00007f84600c8a00 2895       1       java.lang.reflect.Modifier::methodModifiers (4 bytes)
Event: 9,637 Thread 0x00007f84600c8a00 nmethod 2895 0x0000000121f3a790 code [0x0000000121f3a920, 0x0000000121f3a9d0]

GC Heap History (8 events):
Event: 0,825 GC heap before
{Heap before GC invocations=0 (full 0):
 garbage-first heap   total 133120K, used 14292K [0x0000000780000000, 0x0000000800000000)
  region size 1024K, 13 young (13312K), 0 survivors (0K)
 Metaspace       used 3354K, committed 3520K, reserved 1056768K
  class space    used 363K, committed 448K, reserved 1048576K
}
Event: 0,831 GC heap after
{Heap after GC invocations=1 (full 0):
 garbage-first heap   total 133120K, used 6828K [0x0000000780000000, 0x0000000800000000)
  region size 1024K, 2 young (2048K), 2 survivors (2048K)
 Metaspace       used 3354K, committed 3520K, reserved 1056768K
  class space    used 363K, committed 448K, reserved 1048576K
}
Event: 1,520 GC heap before
{Heap before GC invocations=1 (full 0):
 garbage-first heap   total 133120K, used 19116K [0x0000000780000000, 0x0000000800000000)
  region size 1024K, 14 young (14336K), 2 survivors (2048K)
 Metaspace       used 6310K, committed 6464K, reserved 1056768K
  class space    used 772K, committed 832K, reserved 1048576K
}
Event: 1,535 GC heap after
{Heap after GC invocations=2 (full 0):
 garbage-first heap   total 133120K, used 7883K [0x0000000780000000, 0x0000000800000000)
  region size 1024K, 1 young (1024K), 1 survivors (1024K)
 Metaspace       used 6310K, committed 6464K, reserved 1056768K
  class space    used 772K, committed 832K, reserved 1048576K
}
Event: 7,279 GC heap before
{Heap before GC invocations=2 (full 0):
 garbage-first heap   total 133120K, used 32459K [0x0000000780000000, 0x0000000800000000)
  region size 1024K, 26 young (26624K), 1 survivors (1024K)
 Metaspace       used 12939K, committed 13184K, reserved 1064960K
  class space    used 1607K, committed 1728K, reserved 1048576K
}
Event: 7,284 GC heap after
{Heap after GC invocations=3 (full 0):
 garbage-first heap   total 133120K, used 9192K [0x0000000780000000, 0x0000000800000000)
  region size 1024K, 3 young (3072K), 3 survivors (3072K)
 Metaspace       used 12939K, committed 13184K, reserved 1064960K
  class space    used 1607K, committed 1728K, reserved 1048576K
}
Event: 9,641 GC heap before
{Heap before GC invocations=3 (full 0):
 garbage-first heap   total 133120K, used 68584K [0x0000000780000000, 0x0000000800000000)
  region size 1024K, 62 young (63488K), 3 survivors (3072K)
 Metaspace       used 21276K, committed 21504K, reserved 1073152K
  class space    used 2720K, committed 2816K, reserved 1048576K
}
Event: 9,661 GC heap after
{Heap after GC invocations=4 (full 0):
 garbage-first heap   total 133120K, used 13183K [0x0000000780000000, 0x0000000800000000)
  region size 1024K, 7 young (7168K), 7 survivors (7168K)
 Metaspace       used 21276K, committed 21504K, reserved 1073152K
  class space    used 2720K, committed 2816K, reserved 1048576K
}

Deoptimization events (20 events):
Event: 9,408 Thread 0x00007f846036f800 Uncommon trap: trap_request=0xffffffc6 fr.pc=0x0000000121e5504c relative=0x000000000000046c
Event: 9,408 Thread 0x00007f846036f800 Uncommon trap: reason=bimorphic_or_optimized_type_check action=maybe_recompile pc=0x0000000121e5504c method=java.util.HashMap.getNode(Ljava/lang/Object;)Ljava/util/HashMap$Node; @ 63 c2
Event: 9,408 Thread 0x00007f846036f800 DEOPT PACKING pc=0x0000000121e5504c sp=0x0000700008162fe0
Event: 9,408 Thread 0x00007f846036f800 DEOPT UNPACKING pc=0x000000011a393099 sp=0x0000700008162f18 mode 2
Event: 9,425 Thread 0x00007f846036f800 Uncommon trap: trap_request=0xffffff45 fr.pc=0x0000000121f2a728 relative=0x00000000000002e8
Event: 9,425 Thread 0x00007f846036f800 Uncommon trap: reason=unstable_if action=reinterpret pc=0x0000000121f2a728 method=org.springframework.beans.factory.support.AbstractBeanFactory.getBeanPostProcessorCache()Lorg/springframework/beans/factory/support/AbstractBeanFactory$BeanPostProcessorCach
Event: 9,425 Thread 0x00007f846036f800 DEOPT PACKING pc=0x0000000121f2a728 sp=0x0000700008163c50
Event: 9,425 Thread 0x00007f846036f800 DEOPT UNPACKING pc=0x000000011a393099 sp=0x0000700008163b10 mode 2
Event: 9,446 Thread 0x00007f846036f800 Uncommon trap: trap_request=0xffffff45 fr.pc=0x0000000121f07f0c relative=0x000000000000044c
Event: 9,446 Thread 0x00007f846036f800 Uncommon trap: reason=unstable_if action=reinterpret pc=0x0000000121f07f0c method=org.springframework.beans.factory.support.AbstractBeanFactory.hasInstantiationAwareBeanPostProcessors()Z @ 12 c2
Event: 9,446 Thread 0x00007f846036f800 DEOPT PACKING pc=0x0000000121f07f0c sp=0x0000700008163af0
Event: 9,446 Thread 0x00007f846036f800 DEOPT UNPACKING pc=0x000000011a393099 sp=0x00007000081639b8 mode 2
Event: 9,595 Thread 0x00007f846036f800 Uncommon trap: trap_request=0xffffff45 fr.pc=0x0000000121f29480 relative=0x0000000000000060
Event: 9,595 Thread 0x00007f846036f800 Uncommon trap: reason=unstable_if action=reinterpret pc=0x0000000121f29480 method=org.springframework.beans.factory.support.AbstractBeanFactory.getBeanPostProcessorCache()Lorg/springframework/beans/factory/support/AbstractBeanFactory$BeanPostProcessorCach
Event: 9,595 Thread 0x00007f846036f800 DEOPT PACKING pc=0x0000000121f29480 sp=0x0000700008163d20
Event: 9,595 Thread 0x00007f846036f800 DEOPT UNPACKING pc=0x000000011a393099 sp=0x0000700008163cc0 mode 2
Event: 9,602 Thread 0x00007f846036f800 Uncommon trap: trap_request=0xffffff45 fr.pc=0x0000000121f05d94 relative=0x0000000000000b14
Event: 9,602 Thread 0x00007f846036f800 Uncommon trap: reason=unstable_if action=reinterpret pc=0x0000000121f05d94 method=org.springframework.beans.factory.support.DefaultSingletonBeanRegistry.getSingleton(Ljava/lang/String;Z)Ljava/lang/Object; @ 20 c2
Event: 9,602 Thread 0x00007f846036f800 DEOPT PACKING pc=0x0000000121f05d94 sp=0x0000700008162a40
Event: 9,602 Thread 0x00007f846036f800 DEOPT UNPACKING pc=0x000000011a393099 sp=0x00007000081629f8 mode 2

Classes unloaded (0 events):
No events

Classes redefined (0 events):
No events

Internal exceptions (20 events):
Event: 9,501 Thread 0x00007f846036f800 Exception <a 'java/lang/NoClassDefFoundError'{0x00000007845ac580}: org/springframework/batch/core/repository/JobRepository> (0x00000007845ac580) 
thrown [src/hotspot/share/classfile/systemDictionary.cpp, line 245]
Event: 9,501 Thread 0x00007f846036f800 Exception <a 'java/lang/NoClassDefFoundError'{0x00000007845ad860}: org/quartz/Scheduler> (0x00000007845ad860) 
thrown [src/hotspot/share/classfile/systemDictionary.cpp, line 245]
Event: 9,501 Thread 0x00007f846036f800 Exception <a 'java/lang/NoClassDefFoundError'{0x00000007845aefc8}: org/springframework/session/jdbc/JdbcIndexedSessionRepository> (0x00000007845aefc8) 
thrown [src/hotspot/share/classfile/systemDictionary.cpp, line 245]
Event: 9,619 Thread 0x00007f846036f800 Exception <a 'java/lang/NoSuchMethodError'{0x00000007843302d0}: 'void java.lang.invoke.DirectMethodHandle$Holder.invokeSpecial(java.lang.Object, java.lang.Object, java.lang.Object, java.lang.Object, java.lang.Object, java.lang.Object)'> (0x00000007843302d0) 
thrown [src/hotspot/share/interpreter/linkResolver.cpp, line 766]
Event: 9,626 Thread 0x00007f846036f800 Exception <a 'java/lang/ClassNotFoundException'{0x00000007843663f0}: java/lang/ObjectCustomizer> (0x00000007843663f0) 
thrown [src/hotspot/share/classfile/systemDictionary.cpp, line 256]
Event: 9,627 Thread 0x00007f846036f800 Exception <a 'java/lang/ClassNotFoundException'{0x000000078436dc10}: org/springframework/aop/framework/ProxyConfigCustomizer> (0x000000078436dc10) 
thrown [src/hotspot/share/classfile/systemDictionary.cpp, line 256]
Event: 9,628 Thread 0x00007f846036f800 Exception <a 'java/lang/ClassNotFoundException'{0x000000078437a658}: org/springframework/aop/framework/ProxyProcessorSupportCustomizer> (0x000000078437a658) 
thrown [src/hotspot/share/classfile/systemDictionary.cpp, line 256]
Event: 9,628 Thread 0x00007f846036f800 Exception <a 'java/lang/ClassNotFoundException'{0x0000000784383d50}: org/springframework/aop/framework/autoproxy/AbstractAutoProxyCreatorCustomizer> (0x0000000784383d50) 
thrown [src/hotspot/share/classfile/systemDictionary.cpp, line 256]
Event: 9,630 Thread 0x00007f846036f800 Exception <a 'java/lang/ClassNotFoundException'{0x00000007843997c0}: org/springframework/aop/framework/autoproxy/AbstractAdvisorAutoProxyCreatorCustomizer> (0x00000007843997c0) 
thrown [src/hotspot/share/classfile/systemDictionary.cpp, line 256]
Event: 9,631 Thread 0x00007f846036f800 Exception <a 'java/lang/ClassNotFoundException'{0x00000007843a2750}: org/springframework/aop/aspectj/autoproxy/AspectJAwareAdvisorAutoProxyCreatorCustomizer> (0x00000007843a2750) 
thrown [src/hotspot/share/classfile/systemDictionary.cpp, line 256]
Event: 9,631 Thread 0x00007f846036f800 Exception <a 'java/lang/ClassNotFoundException'{0x00000007843a9e10}: org/springframework/aop/aspectj/annotation/AnnotationAwareAspectJAutoProxyCreatorCustomizer> (0x00000007843a9e10) 
thrown [src/hotspot/share/classfile/systemDictionary.cpp, line 256]
Event: 9,632 Thread 0x00007f846036f800 Exception <a 'java/lang/ClassNotFoundException'{0x00000007843c2688}: org/springframework/beans/factory/config/SmartInstantiationAwareBeanPostProcessorCustomizer> (0x00000007843c2688) 
thrown [src/hotspot/share/classfile/systemDictionary.cpp, line 256]
Event: 9,633 Thread 0x00007f846036f800 Exception <a 'java/lang/ClassNotFoundException'{0x00000007843cb2e8}: org/springframework/beans/factory/config/InstantiationAwareBeanPostProcessorCustomizer> (0x00000007843cb2e8) 
thrown [src/hotspot/share/classfile/systemDictionary.cpp, line 256]
Event: 9,633 Thread 0x00007f846036f800 Exception <a 'java/lang/ClassNotFoundException'{0x00000007843d3858}: org/springframework/beans/factory/config/BeanPostProcessorCustomizer> (0x00000007843d3858) 
thrown [src/hotspot/share/classfile/systemDictionary.cpp, line 256]
Event: 9,633 Thread 0x00007f846036f800 Exception <a 'java/lang/ClassNotFoundException'{0x00000007843d9838}: org/springframework/beans/factory/BeanFactoryAwareCustomizer> (0x00000007843d9838) 
thrown [src/hotspot/share/classfile/systemDictionary.cpp, line 256]
Event: 9,634 Thread 0x00007f846036f800 Exception <a 'java/lang/ClassNotFoundException'{0x00000007843df440}: org/springframework/beans/factory/AwareCustomizer> (0x00000007843df440) 
thrown [src/hotspot/share/classfile/systemDictionary.cpp, line 256]
Event: 9,634 Thread 0x00007f846036f800 Exception <a 'java/lang/ClassNotFoundException'{0x00000007843e34f8}: org/springframework/core/OrderedCustomizer> (0x00000007843e34f8) 
thrown [src/hotspot/share/classfile/systemDictionary.cpp, line 256]
Event: 9,634 Thread 0x00007f846036f800 Exception <a 'java/lang/ClassNotFoundException'{0x00000007843e8900}: org/springframework/beans/factory/BeanClassLoaderAwareCustomizer> (0x00000007843e8900) 
thrown [src/hotspot/share/classfile/systemDictionary.cpp, line 256]
Event: 9,635 Thread 0x00007f846036f800 Exception <a 'java/lang/ClassNotFoundException'{0x00000007843eda48}: org/springframework/beans/factory/AwareCustomizer> (0x00000007843eda48) 
thrown [src/hotspot/share/classfile/systemDictionary.cpp, line 256]
Event: 9,635 Thread 0x00007f846036f800 Exception <a 'java/lang/ClassNotFoundException'{0x00000007843f2328}: org/springframework/aop/framework/AopInfrastructureBeanCustomizer> (0x00000007843f2328) 
thrown [src/hotspot/share/classfile/systemDictionary.cpp, line 256]

VM Operations (20 events):
Event: 8,993 Executing VM operation: HandshakeAllThreads
Event: 8,993 Executing VM operation: HandshakeAllThreads done
Event: 9,295 Executing VM operation: ICBufferFull
Event: 9,295 Executing VM operation: ICBufferFull done
Event: 9,369 Executing VM operation: HandshakeAllThreads
Event: 9,369 Executing VM operation: HandshakeAllThreads done
Event: 9,373 Executing VM operation: HandshakeAllThreads
Event: 9,373 Executing VM operation: HandshakeAllThreads done
Event: 9,416 Executing VM operation: HandshakeAllThreads
Event: 9,416 Executing VM operation: HandshakeAllThreads done
Event: 9,418 Executing VM operation: HandshakeAllThreads
Event: 9,418 Executing VM operation: HandshakeAllThreads done
Event: 9,516 Executing VM operation: HandshakeAllThreads
Event: 9,516 Executing VM operation: HandshakeAllThreads done
Event: 9,623 Executing VM operation: HandshakeAllThreads
Event: 9,623 Executing VM operation: HandshakeAllThreads done
Event: 9,625 Executing VM operation: HandshakeAllThreads
Event: 9,625 Executing VM operation: HandshakeAllThreads done
Event: 9,640 Executing VM operation: CollectForMetadataAllocation
Event: 9,661 Executing VM operation: CollectForMetadataAllocation done

Events (20 events):
Event: 9,586 loading class java/security/PublicKey done
Event: 9,586 loading class java/security/interfaces/RSAKey
Event: 9,586 loading class java/security/interfaces/RSAKey done
Event: 9,586 loading class java/security/interfaces/RSAPublicKey done
Event: 9,587 loading class java/security/interfaces/RSAPrivateKey
Event: 9,587 loading class java/security/PrivateKey
Event: 9,587 loading class javax/security/auth/Destroyable
Event: 9,587 loading class javax/security/auth/Destroyable done
Event: 9,587 loading class java/security/PrivateKey done
Event: 9,587 loading class java/security/interfaces/RSAPrivateKey done
Event: 9,597 loading class javax/xml/ws$WebServiceRef
Event: 9,597 loading class javax/xml/ws$WebServiceRef done
Event: 9,598 loading class javax/naming/NameNotFoundException
Event: 9,598 loading class javax/naming/NameNotFoundException done
Event: 9,626 loading class java/lang/ObjectCustomizer
Event: 9,626 loading class java/lang/ObjectCustomizer done
Event: 9,626 loading class java/lang/ObjectCustomizer
Event: 9,626 loading class java/lang/ObjectCustomizer done
Event: 9,629 loading class sun/reflect/generics/reflectiveObjects/GenericArrayTypeImpl
Event: 9,629 loading class sun/reflect/generics/reflectiveObjects/GenericArrayTypeImpl done


Dynamic libraries:
0x0000000109903000 	/Library/Java/JavaVirtualMachines/amazon-corretto-17.jdk/Contents/Home/lib/libjli.dylib
0x00007ff823774000 	/usr/lib/libz.1.dylib
0x00007ff823854000 	/usr/lib/libSystem.B.dylib
0x00007ff82384f000 	/usr/lib/system/libcache.dylib
0x00007ff82380b000 	/usr/lib/system/libcommonCrypto.dylib
0x00007ff823834000 	/usr/lib/system/libcompiler_rt.dylib
0x00007ff82382a000 	/usr/lib/system/libcopyfile.dylib
0x00007ff8187e2000 	/usr/lib/system/libcorecrypto.dylib
0x00007ff8188a0000 	/usr/lib/system/libdispatch.dylib
0x00007ff818a60000 	/usr/lib/system/libdyld.dylib
0x00007ff823846000 	/usr/lib/system/libkeymgr.dylib
0x00007ff8237e9000 	/usr/lib/system/libmacho.dylib
0x00007ff822e6a000 	/usr/lib/system/libquarantine.dylib
0x00007ff823844000 	/usr/lib/system/libremovefile.dylib
0x00007ff81d9f5000 	/usr/lib/system/libsystem_asl.dylib
0x00007ff81878b000 	/usr/lib/system/libsystem_blocks.dylib
0x00007ff818924000 	/usr/lib/system/libsystem_c.dylib
0x00007ff82383c000 	/usr/lib/system/libsystem_collections.dylib
0x00007ff82211e000 	/usr/lib/system/libsystem_configuration.dylib
0x00007ff8213c7000 	/usr/lib/system/libsystem_containermanager.dylib
0x00007ff823521000 	/usr/lib/system/libsystem_coreservices.dylib
0x00007ff81b096000 	/usr/lib/system/libsystem_darwin.dylib
0x00007ff823847000 	/usr/lib/system/libsystem_dnssd.dylib
0x00007ff818921000 	/usr/lib/system/libsystem_featureflags.dylib
0x00007ff818a76000 	/usr/lib/system/libsystem_info.dylib
0x00007ff823787000 	/usr/lib/system/libsystem_m.dylib
0x00007ff818874000 	/usr/lib/system/libsystem_malloc.dylib
0x00007ff81d990000 	/usr/lib/system/libsystem_networkextension.dylib
0x00007ff81b4bc000 	/usr/lib/system/libsystem_notify.dylib
0x00007ff829ac5000 	/usr/lib/system/libsystem_product_info_filter.dylib
0x00007ff822122000 	/usr/lib/system/libsystem_sandbox.dylib
0x00007ff823841000 	/usr/lib/system/libsystem_secinit.dylib
0x00007ff818a1c000 	/usr/lib/system/libsystem_kernel.dylib
0x00007ff818a6c000 	/usr/lib/system/libsystem_platform.dylib
0x00007ff818a54000 	/usr/lib/system/libsystem_pthread.dylib
0x00007ff81f243000 	/usr/lib/system/libsystem_symptoms.dylib
0x00007ff8187c9000 	/usr/lib/system/libsystem_trace.dylib
0x00007ff823817000 	/usr/lib/system/libunwind.dylib
0x00007ff81878d000 	/usr/lib/system/libxpc.dylib
0x00007ff818a06000 	/usr/lib/libc++abi.dylib
0x00007ff8188e7000 	/usr/lib/libobjc.A.dylib
0x00007ff823822000 	/usr/lib/liboah.dylib
0x00007ff8189ad000 	/usr/lib/libc++.1.dylib
0x00007ff82f8c7000 	/System/Library/Frameworks/Cocoa.framework/Versions/A/Cocoa
0x00007ff81b51a000 	/System/Library/Frameworks/AppKit.framework/Versions/C/AppKit
0x00007ff81ea31000 	/System/Library/Frameworks/CoreData.framework/Versions/A/CoreData
0x00007ff81991d000 	/System/Library/Frameworks/Foundation.framework/Versions/C/Foundation
0x00007ff81c3aa000 	/System/Library/PrivateFrameworks/UIFoundation.framework/Versions/A/UIFoundation
0x00007ff8297c8000 	/System/Library/PrivateFrameworks/RemoteViewServices.framework/Versions/A/RemoteViewServices
0x00007ff821aa8000 	/System/Library/PrivateFrameworks/XCTTargetBootstrap.framework/Versions/A/XCTTargetBootstrap
0x00007ff82565e000 	/System/Library/PrivateFrameworks/InternationalSupport.framework/Versions/A/InternationalSupport
0x00007ff8256e8000 	/System/Library/PrivateFrameworks/UserActivity.framework/Versions/A/UserActivity
0x00007ff824a3b000 	/usr/lib/libspindump.dylib
0x00007ff81c639000 	/System/Library/Frameworks/UniformTypeIdentifiers.framework/Versions/A/UniformTypeIdentifiers
0x00007ff8201cc000 	/usr/lib/libapp_launch_measurement.dylib
0x00007ff81f403000 	/System/Library/PrivateFrameworks/CoreAnalytics.framework/Versions/A/CoreAnalytics
0x00007ff8201cf000 	/System/Library/PrivateFrameworks/CoreAutoLayout.framework/Versions/A/CoreAutoLayout
0x00007ff8213ff000 	/System/Library/Frameworks/Metal.framework/Versions/A/Metal
0x00007ff82212e000 	/usr/lib/liblangid.dylib
0x00007ff821aad000 	/System/Library/PrivateFrameworks/CoreSVG.framework/Versions/A/CoreSVG
0x00007ff81da25000 	/System/Library/PrivateFrameworks/SkyLight.framework/Versions/A/SkyLight
0x00007ff81ddc4000 	/System/Library/Frameworks/CoreGraphics.framework/Versions/A/CoreGraphics
0x00007ff829e88000 	/System/Library/Frameworks/Accelerate.framework/Versions/A/Accelerate
0x00007ff8244ba000 	/System/Library/PrivateFrameworks/IconServices.framework/Versions/A/IconServices
0x00007ff8213e4000 	/System/Library/Frameworks/IOSurface.framework/Versions/A/IOSurface
0x00007ff81f431000 	/usr/lib/libDiagnosticMessagesClient.dylib
0x00007ff82d56b000 	/System/Library/Frameworks/ApplicationServices.framework/Versions/A/ApplicationServices
0x00007ff821a94000 	/System/Library/PrivateFrameworks/DFRFoundation.framework/Versions/A/DFRFoundation
0x00007ff81ae02000 	/usr/lib/libicucore.A.dylib
0x00007ff826454000 	/System/Library/Frameworks/AudioToolbox.framework/Versions/A/AudioToolbox
0x00007ff82566a000 	/System/Library/PrivateFrameworks/DataDetectorsCore.framework/Versions/A/DataDetectorsCore
0x00007ff921b68000 	/System/Library/PrivateFrameworks/TextInput.framework/Versions/A/TextInput
0x00007ff81d9a8000 	/usr/lib/libMobileGestalt.dylib
0x00007ff8217a0000 	/System/Library/Frameworks/Carbon.framework/Versions/A/Frameworks/HIToolbox.framework/Versions/A/HIToolbox
0x00007ff81fbce000 	/System/Library/Frameworks/QuartzCore.framework/Versions/A/QuartzCore
0x00007ff81aaa7000 	/System/Library/Frameworks/Security.framework/Versions/A/Security
0x00007ff829800000 	/System/Library/Frameworks/Carbon.framework/Versions/A/Frameworks/SpeechRecognition.framework/Versions/A/SpeechRecognition
0x00007ff81ff2c000 	/System/Library/PrivateFrameworks/CoreUI.framework/Versions/A/CoreUI
0x00007ff81a371000 	/System/Library/Frameworks/CoreAudio.framework/Versions/A/CoreAudio
0x00007ff81f520000 	/System/Library/Frameworks/DiskArbitration.framework/Versions/A/DiskArbitration
0x00007ff824e2a000 	/System/Library/PrivateFrameworks/MultitouchSupport.framework/Versions/A/MultitouchSupport
0x00007ff81d9a7000 	/usr/lib/libenergytrace.dylib
0x00007ff81b406000 	/System/Library/Frameworks/IOKit.framework/Versions/A/IOKit
0x00007ff829bf0000 	/System/Library/Frameworks/CoreServices.framework/Versions/A/CoreServices
0x00007ff820166000 	/System/Library/PrivateFrameworks/PerformanceAnalysis.framework/Versions/A/PerformanceAnalysis
0x00007ffa31846000 	/System/Library/Frameworks/OpenGL.framework/Versions/A/OpenGL
0x00007ff822d90000 	/System/Library/PrivateFrameworks/MobileKeyBag.framework/Versions/A/MobileKeyBag
0x00007ff81e490000 	/System/Library/Frameworks/ColorSync.framework/Versions/A/ColorSync
0x00007ff818aa1000 	/System/Library/Frameworks/CoreFoundation.framework/Versions/A/CoreFoundation
0x00007ff821d24000 	/System/Library/Frameworks/CoreImage.framework/Versions/A/CoreImage
0x00007ff81a185000 	/System/Library/Frameworks/CoreText.framework/Versions/A/CoreText
0x00007ff821add000 	/System/Library/Frameworks/ImageIO.framework/Versions/A/ImageIO
0x00007ff82385a000 	/System/Library/PrivateFrameworks/SoftLinking.framework/Versions/A/SoftLinking
0x00007ff820217000 	/usr/lib/libxml2.2.dylib
0x00007ff823ade000 	/usr/lib/libcompression.dylib
0x00007ff825591000 	/System/Library/PrivateFrameworks/TextureIO.framework/Versions/A/TextureIO
0x00007ff8241cc000 	/usr/lib/libate.dylib
0x00007ff823fa8000 	/usr/lib/liblzma.5.dylib
0x00007ff81962f000 	/System/Library/Frameworks/SystemConfiguration.framework/Versions/A/SystemConfiguration
0x00007ff823856000 	/usr/lib/libfakelink.dylib
0x00007ff81d500000 	/System/Library/Frameworks/CFNetwork.framework/Versions/A/CFNetwork
0x00007ff823997000 	/usr/lib/libarchive.2.dylib
0x00007ff82212a000 	/System/Library/PrivateFrameworks/AppleSystemInfo.framework/Versions/A/AppleSystemInfo
0x00007ff822e91000 	/usr/lib/libbsm.0.dylib
0x00007ff81cb0f000 	/usr/lib/libnetwork.dylib
0x00007ff8237ef000 	/usr/lib/system/libkxld.dylib
0x00007ff822ac4000 	/System/Library/PrivateFrameworks/IOMobileFramebuffer.framework/Versions/A/IOMobileFramebuffer
0x00007ffb3121e000 	/usr/lib/libCoreEntitlements.dylib
0x00007ff823503000 	/System/Library/PrivateFrameworks/AppleFSCompression.framework/Versions/A/AppleFSCompression
0x00007ff822e79000 	/usr/lib/libcoretls.dylib
0x00007ff823fc2000 	/usr/lib/libcoretls_cfhelpers.dylib
0x00007ff823ad9000 	/usr/lib/libpam.2.dylib
0x00007ff81ee62000 	/usr/lib/libsqlite3.dylib
0x00007ff824031000 	/usr/lib/libxar.1.dylib
0x00007ff823513000 	/usr/lib/libbz2.1.0.dylib
0x00007ff82385b000 	/usr/lib/libpcap.A.dylib
0x00007ff81f23b000 	/usr/lib/libdns_services.dylib
0x00007ff823aa9000 	/usr/lib/libapple_nghttp2.dylib
0x00007ff823895000 	/usr/lib/libiconv.2.dylib
0x00007ff8237e8000 	/usr/lib/libcharset.1.dylib
0x00007ff82019a000 	/System/Library/Frameworks/CoreServices.framework/Versions/A/Frameworks/FSEvents.framework/Versions/A/FSEvents
0x00007ff81b0a0000 	/System/Library/Frameworks/CoreServices.framework/Versions/A/Frameworks/CarbonCore.framework/Versions/A/CarbonCore
0x00007ff81f484000 	/System/Library/Frameworks/CoreServices.framework/Versions/A/Frameworks/Metadata.framework/Versions/A/Metadata
0x00007ff823526000 	/System/Library/Frameworks/CoreServices.framework/Versions/A/Frameworks/OSServices.framework/Versions/A/OSServices
0x00007ff823a1e000 	/System/Library/Frameworks/CoreServices.framework/Versions/A/Frameworks/SearchKit.framework/Versions/A/SearchKit
0x00007ff81f1cd000 	/System/Library/Frameworks/CoreServices.framework/Versions/A/Frameworks/AE.framework/Versions/A/AE
0x00007ff818fa4000 	/System/Library/Frameworks/CoreServices.framework/Versions/A/Frameworks/LaunchServices.framework/Versions/A/LaunchServices
0x00007ff823f59000 	/System/Library/Frameworks/CoreServices.framework/Versions/A/Frameworks/DictionaryServices.framework/Versions/A/DictionaryServices
0x00007ff8201a7000 	/System/Library/Frameworks/CoreServices.framework/Versions/A/Frameworks/SharedFileList.framework/Versions/A/SharedFileList
0x00007ff822e6d000 	/usr/lib/libCheckFix.dylib
0x00007ff81da0c000 	/System/Library/PrivateFrameworks/TCC.framework/Versions/A/TCC
0x00007ff822130000 	/System/Library/PrivateFrameworks/CoreNLP.framework/Versions/A/CoreNLP
0x00007ff81f434000 	/System/Library/PrivateFrameworks/MetadataUtilities.framework/Versions/A/MetadataUtilities
0x00007ff8196e0000 	/usr/lib/libmecabra.dylib
0x00007ff822ea1000 	/usr/lib/libmecab.dylib
0x00007ff8196ab000 	/usr/lib/libCRFSuite.dylib
0x00007ff822efb000 	/usr/lib/libgermantok.dylib
0x00007ff823a84000 	/usr/lib/libThaiTokenizer.dylib
0x00007ff81f527000 	/System/Library/Frameworks/Accelerate.framework/Versions/A/Frameworks/vImage.framework/Versions/A/vImage
0x00007ff829bc7000 	/System/Library/Frameworks/Accelerate.framework/Versions/A/Frameworks/vecLib.framework/Versions/A/vecLib
0x00007ff824072000 	/System/Library/Frameworks/Accelerate.framework/Versions/A/Frameworks/vecLib.framework/Versions/A/libvMisc.dylib
0x00007ff8228ef000 	/System/Library/Frameworks/Accelerate.framework/Versions/A/Frameworks/vecLib.framework/Versions/A/libvDSP.dylib
0x00007ff81931f000 	/System/Library/Frameworks/Accelerate.framework/Versions/A/Frameworks/vecLib.framework/Versions/A/libBLAS.dylib
0x00007ff823bbb000 	/System/Library/Frameworks/Accelerate.framework/Versions/A/Frameworks/vecLib.framework/Versions/A/libLAPACK.dylib
0x00007ff822efe000 	/System/Library/Frameworks/Accelerate.framework/Versions/A/Frameworks/vecLib.framework/Versions/A/libLinearAlgebra.dylib
0x00007ff823ac1000 	/System/Library/Frameworks/Accelerate.framework/Versions/A/Frameworks/vecLib.framework/Versions/A/libSparseBLAS.dylib
0x00007ff823bb5000 	/System/Library/Frameworks/Accelerate.framework/Versions/A/Frameworks/vecLib.framework/Versions/A/libQuadrature.dylib
0x00007ff82221b000 	/System/Library/Frameworks/Accelerate.framework/Versions/A/Frameworks/vecLib.framework/Versions/A/libBNNS.dylib
0x00007ff8195b9000 	/System/Library/Frameworks/Accelerate.framework/Versions/A/Frameworks/vecLib.framework/Versions/A/libSparse.dylib
0x00007ff822214000 	/System/Library/PrivateFrameworks/LinguisticData.framework/Versions/A/LinguisticData
0x00007ff81956f000 	/System/Library/PrivateFrameworks/Lexicon.framework/Versions/A/Lexicon
0x00007ff82406b000 	/usr/lib/libChineseTokenizer.dylib
0x00007ff819cda000 	/System/Library/PrivateFrameworks/LanguageModeling.framework/Versions/A/LanguageModeling
0x00007ff823a86000 	/System/Library/PrivateFrameworks/AppleSauce.framework/Versions/A/AppleSauce
0x00007ff822ab2000 	/System/Library/PrivateFrameworks/CoreEmoji.framework/Versions/A/CoreEmoji
0x00007ff823986000 	/usr/lib/libcmph.dylib
0x00007ff82017e000 	/System/Library/Frameworks/OpenDirectory.framework/Versions/A/Frameworks/CFOpenDirectory.framework/Versions/A/CFOpenDirectory
0x00007ff820172000 	/System/Library/Frameworks/OpenDirectory.framework/Versions/A/OpenDirectory
0x00007ff823fc4000 	/System/Library/PrivateFrameworks/APFS.framework/Versions/A/APFS
0x00007ff822dc8000 	/System/Library/Frameworks/SecurityFoundation.framework/Versions/A/SecurityFoundation
0x00007ff82403f000 	/usr/lib/libutil.dylib
0x00007ff81b3ca000 	/System/Library/PrivateFrameworks/CoreServicesStore.framework/Versions/A/CoreServicesStore
0x00007ff824043000 	/usr/lib/libxslt.1.dylib
0x00007ff822e55000 	/System/Library/PrivateFrameworks/BackgroundTaskManagement.framework/Versions/A/BackgroundTaskManagement
0x00007ff8254b1000 	/System/Library/Frameworks/ImageIO.framework/Versions/A/Resources/libRadiance.dylib
0x00007ff8254ba000 	/System/Library/Frameworks/ImageIO.framework/Versions/A/Resources/libJPEG.dylib
0x00007ff825409000 	/System/Library/Frameworks/ImageIO.framework/Versions/A/Resources/libPng.dylib
0x00007ff82542a000 	/System/Library/Frameworks/ImageIO.framework/Versions/A/Resources/libTIFF.dylib
0x00007ff82551a000 	/System/Library/Frameworks/ImageIO.framework/Versions/A/Resources/libGIF.dylib
0x00007ff824d44000 	/System/Library/Frameworks/ImageIO.framework/Versions/A/Resources/libJP2.dylib
0x00007ff824481000 	/usr/lib/libexpat.1.dylib
0x00007ff824cf9000 	/System/Library/PrivateFrameworks/AppleJPEG.framework/Versions/A/AppleJPEG
0x00007ff821664000 	/System/Library/PrivateFrameworks/FontServices.framework/libFontParser.dylib
0x00007ff81f177000 	/System/Library/PrivateFrameworks/RunningBoardServices.framework/Versions/A/RunningBoardServices
0x00007ff82fe82000 	/System/Library/PrivateFrameworks/IOSurfaceAccelerator.framework/Versions/A/IOSurfaceAccelerator
0x00007ff824e26000 	/System/Library/PrivateFrameworks/WatchdogClient.framework/Versions/A/WatchdogClient
0x00007ff819dc8000 	/System/Library/Frameworks/CoreDisplay.framework/Versions/A/CoreDisplay
0x00007ff821562000 	/System/Library/Frameworks/CoreMedia.framework/Versions/A/CoreMedia
0x00007ff8213f6000 	/System/Library/PrivateFrameworks/IOAccelerator.framework/Versions/A/IOAccelerator
0x00007ff8202fb000 	/System/Library/Frameworks/CoreVideo.framework/Versions/A/CoreVideo
0x00007ff823ad7000 	/System/Library/Frameworks/MetalPerformanceShaders.framework/Versions/A/MetalPerformanceShaders
0x00007ff824e63000 	/System/Library/Frameworks/VideoToolbox.framework/Versions/A/VideoToolbox
0x00007ff81f0c1000 	/System/Library/PrivateFrameworks/BaseBoard.framework/Versions/A/BaseBoard
0x00007ff81ee48000 	/System/Library/PrivateFrameworks/ProtocolBuffer.framework/Versions/A/ProtocolBuffer
0x00007ff8254aa000 	/System/Library/PrivateFrameworks/GPUWrangler.framework/Versions/A/GPUWrangler
0x00007ff82548e000 	/System/Library/PrivateFrameworks/IOPresentment.framework/Versions/A/IOPresentment
0x00007ff8254b4000 	/System/Library/PrivateFrameworks/DSExternalDisplay.framework/Versions/A/DSExternalDisplay
0x00007ffa3183a000 	/System/Library/Frameworks/OpenGL.framework/Versions/A/Libraries/libCoreFSCache.dylib
0x00007ffb1e911000 	/System/Library/PrivateFrameworks/GPUCompiler.framework/Versions/31001/Libraries/libGPUCompilerUtils.dylib
0x00007ff82551f000 	/System/Library/PrivateFrameworks/CMCaptureCore.framework/Versions/A/CMCaptureCore
0x00007ff824a29000 	/System/Library/PrivateFrameworks/AppServerSupport.framework/Versions/A/AppServerSupport
0x00007ff826ced000 	/System/Library/PrivateFrameworks/perfdata.framework/Versions/A/perfdata
0x00007ff819ef4000 	/System/Library/PrivateFrameworks/AudioToolboxCore.framework/Versions/A/AudioToolboxCore
0x00007ff821540000 	/System/Library/PrivateFrameworks/caulk.framework/Versions/A/caulk
0x00007ff8265ff000 	/usr/lib/libAudioStatistics.dylib
0x00007ff91e2f6000 	/System/Library/PrivateFrameworks/SystemPolicy.framework/Versions/A/SystemPolicy
0x00007ff82685a000 	/usr/lib/libSMC.dylib
0x00007ff82f77a000 	/System/Library/Frameworks/CoreMIDI.framework/Versions/A/CoreMIDI
0x00007ff8253d8000 	/usr/lib/libAudioToolboxUtility.dylib
0x00007ff91a51e000 	/System/Library/PrivateFrameworks/OSAServicesClient.framework/Versions/A/OSAServicesClient
0x00007ff826cfa000 	/usr/lib/libperfcheck.dylib
0x00007ff91eda3000 	/usr/lib/libmis.dylib
0x00007ffa31895000 	/System/Library/Frameworks/OpenGL.framework/Versions/A/Libraries/libGLU.dylib
0x00007ffa31859000 	/System/Library/Frameworks/OpenGL.framework/Versions/A/Libraries/libGFXShared.dylib
0x00007ffa31a62000 	/System/Library/Frameworks/OpenGL.framework/Versions/A/Libraries/libGL.dylib
0x00007ffa31862000 	/System/Library/Frameworks/OpenGL.framework/Versions/A/Libraries/libGLImage.dylib
0x00007ffa31856000 	/System/Library/Frameworks/OpenGL.framework/Versions/A/Libraries/libCVMSPluginSupport.dylib
0x00007ffa31841000 	/System/Library/Frameworks/OpenGL.framework/Versions/A/Libraries/libCoreVMClient.dylib
0x00007ff8220ac000 	/System/Library/Frameworks/MetalPerformanceShaders.framework/Versions/A/Frameworks/MPSCore.framework/Versions/A/MPSCore
0x00007ff82346e000 	/System/Library/Frameworks/MetalPerformanceShaders.framework/Versions/A/Frameworks/MPSImage.framework/Versions/A/MPSImage
0x00007ff822f14000 	/System/Library/Frameworks/MetalPerformanceShaders.framework/Versions/A/Frameworks/MPSNeuralNetwork.framework/Versions/A/MPSNeuralNetwork
0x00007ff823388000 	/System/Library/Frameworks/MetalPerformanceShaders.framework/Versions/A/Frameworks/MPSMatrix.framework/Versions/A/MPSMatrix
0x00007ff823143000 	/System/Library/Frameworks/MetalPerformanceShaders.framework/Versions/A/Frameworks/MPSRayIntersector.framework/Versions/A/MPSRayIntersector
0x00007ff8233c0000 	/System/Library/Frameworks/MetalPerformanceShaders.framework/Versions/A/Frameworks/MPSNDArray.framework/Versions/A/MPSNDArray
0x00007ffa3731a000 	/System/Library/Frameworks/MetalPerformanceShaders.framework/Versions/A/Frameworks/MPSFunctions.framework/Versions/A/MPSFunctions
0x00007ff8191fb000 	/System/Library/PrivateFrameworks/MetalTools.framework/Versions/A/MetalTools
0x00007ff822128000 	/System/Library/PrivateFrameworks/AggregateDictionary.framework/Versions/A/AggregateDictionary
0x00007ff824263000 	/usr/lib/libIOReport.dylib
0x00007ffa32e71000 	/System/Library/Frameworks/OpenCL.framework/Versions/A/OpenCL
0x00007ff8245c7000 	/System/Library/PrivateFrameworks/FaceCore.framework/Versions/A/FaceCore
0x00007ff8245b8000 	/System/Library/PrivateFrameworks/GraphVisualizer.framework/Versions/A/GraphVisualizer
0x00007ffb1e81c000 	/System/Library/PrivateFrameworks/FontServices.framework/Versions/A/FontServices
0x00007ff8249e1000 	/System/Library/PrivateFrameworks/OTSVG.framework/Versions/A/OTSVG
0x00007ff81fee1000 	/System/Library/Frameworks/ApplicationServices.framework/Versions/A/Frameworks/ATS.framework/Versions/A/Resources/libFontRegistry.dylib
0x00007ff824a31000 	/System/Library/PrivateFrameworks/FontServices.framework/libhvf.dylib
0x00007ffb1e81d000 	/System/Library/PrivateFrameworks/FontServices.framework/libXTFontStaticRegistryData.dylib
0x00007ff824431000 	/System/Library/PrivateFrameworks/AppleVA.framework/Versions/A/AppleVA
0x00007ff82661f000 	/System/Library/Frameworks/ApplicationServices.framework/Versions/A/Frameworks/ATS.framework/Versions/A/ATS
0x00007ff81e58e000 	/System/Library/Frameworks/ApplicationServices.framework/Versions/A/Frameworks/HIServices.framework/Versions/A/HIServices
0x00007ff825529000 	/System/Library/Frameworks/ApplicationServices.framework/Versions/A/Frameworks/PrintCore.framework/Versions/A/PrintCore
0x00007ff8269ad000 	/System/Library/Frameworks/ApplicationServices.framework/Versions/A/Frameworks/QD.framework/Versions/A/QD
0x00007ff8269a5000 	/System/Library/Frameworks/ApplicationServices.framework/Versions/A/Frameworks/ColorSyncLegacy.framework/Versions/A/ColorSyncLegacy
0x00007ff82660f000 	/System/Library/Frameworks/ApplicationServices.framework/Versions/A/Frameworks/SpeechSynthesis.framework/Versions/A/SpeechSynthesis
0x00007ff8254ea000 	/System/Library/Frameworks/ApplicationServices.framework/Versions/A/Frameworks/ATSUI.framework/Versions/A/ATSUI
0x00007ff82693a000 	/usr/lib/libcups.2.dylib
0x00007ff826d09000 	/System/Library/Frameworks/Kerberos.framework/Versions/A/Kerberos
0x00007ff826d18000 	/System/Library/Frameworks/GSS.framework/Versions/A/GSS
0x00007ff82668b000 	/usr/lib/libresolv.9.dylib
0x00007ff824a40000 	/System/Library/PrivateFrameworks/Heimdal.framework/Versions/A/Heimdal
0x00007ff82d8fd000 	/System/Library/Frameworks/Kerberos.framework/Versions/A/Libraries/libHeimdalProxy.dylib
0x00007ff81f24b000 	/System/Library/Frameworks/Network.framework/Versions/A/Network
0x00007ff82449b000 	/usr/lib/libheimdal-asn1.dylib
0x00007ff826d63000 	/System/Library/PrivateFrameworks/CommonAuth.framework/Versions/A/CommonAuth
0x00007ff826591000 	/System/Library/PrivateFrameworks/AudioSession.framework/Versions/A/AudioSession
0x00007ff82452b000 	/System/Library/PrivateFrameworks/MediaExperience.framework/Versions/A/MediaExperience
0x00007ff826423000 	/System/Library/PrivateFrameworks/AudioSession.framework/libSessionUtility.dylib
0x00007ff8269b9000 	/System/Library/PrivateFrameworks/AudioResourceArbitration.framework/Versions/A/AudioResourceArbitration
0x00007ff82aa3a000 	/System/Library/PrivateFrameworks/PowerLog.framework/Versions/A/PowerLog
0x00007ff8244a4000 	/System/Library/PrivateFrameworks/IconFoundation.framework/Versions/A/IconFoundation
0x00007ff8297f0000 	/System/Library/PrivateFrameworks/SpeechRecognitionCore.framework/Versions/A/SpeechRecognitionCore
0x000000010d123000 	/Library/Java/JavaVirtualMachines/amazon-corretto-17.jdk/Contents/Home/lib/server/libjvm.dylib
0x000000010992a000 	/Library/Java/JavaVirtualMachines/amazon-corretto-17.jdk/Contents/Home/lib/libjimage.dylib
0x00000001099a8000 	/Library/Java/JavaVirtualMachines/amazon-corretto-17.jdk/Contents/Home/lib/libjava.dylib
0x000000010d01b000 	/Library/Java/JavaVirtualMachines/amazon-corretto-17.jdk/Contents/Home/lib/libnio.dylib
0x000000010d055000 	/Library/Java/JavaVirtualMachines/amazon-corretto-17.jdk/Contents/Home/lib/libnet.dylib
0x000000010d037000 	/Library/Java/JavaVirtualMachines/amazon-corretto-17.jdk/Contents/Home/lib/libzip.dylib
0x000000010d075000 	/Library/Java/JavaVirtualMachines/amazon-corretto-17.jdk/Contents/Home/lib/libverify.dylib
0x000000010d000000 	/Library/Java/JavaVirtualMachines/amazon-corretto-17.jdk/Contents/Home/lib/libmanagement.dylib
0x000000010d08d000 	/Library/Java/JavaVirtualMachines/amazon-corretto-17.jdk/Contents/Home/lib/libmanagement_ext.dylib


VM Arguments:
jvm_args: -XX:+ShowCodeDetailsInExceptionMessages 
java_command: com.example.jwt.JwtApplication
java_class_path (initial): /Applications/Projets/Mairie_bargny/jwt_mairie/target/classes:/Users/ibrahimaniang/Desktop/mysql-connector-java-8.0.29/mysql-connector-java-8.0.29.jar:/Users/ibrahimaniang/.m2/repository/org/springframework/boot/spring-boot-starter-data-jpa/2.7.4/spring-boot-starter-data-jpa-2.7.4.jar:/Users/ibrahimaniang/.m2/repository/org/springframework/boot/spring-boot-starter-aop/2.7.4/spring-boot-starter-aop-2.7.4.jar:/Users/ibrahimaniang/.m2/repository/org/aspectj/aspectjweaver/1.9.7/aspectjweaver-1.9.7.jar:/Users/ibrahimaniang/.m2/repository/org/springframework/boot/spring-boot-starter-jdbc/2.7.4/spring-boot-starter-jdbc-2.7.4.jar:/Users/ibrahimaniang/.m2/repository/com/zaxxer/HikariCP/4.0.3/HikariCP-4.0.3.jar:/Users/ibrahimaniang/.m2/repository/org/springframework/spring-jdbc/5.3.23/spring-jdbc-5.3.23.jar:/Users/ibrahimaniang/.m2/repository/jakarta/transaction/jakarta.transaction-api/1.3.3/jakarta.transaction-api-1.3.3.jar:/Users/ibrahimaniang/.m2/repository/jakarta/persistence/jakarta.persistence-api/2.2.3/jakarta.persistence-api-2.2.3.jar:/Users/ibrahimaniang/.m2/repository/org/hibernate/hibernate-core/5.6.11.Final/hibernate-core-5.6.11.Final.jar:/Users/ibrahimaniang/.m2/repository/org/jboss/logging/jboss-logging/3.4.3.Final/jboss-logging-3.4.3.Final.jar:/Users/ibrahimaniang/.m2/repository/net/bytebuddy/byte-buddy/1.12.17/byte-buddy-1.12.17.jar:/Users/ibrahimaniang/.m2/repository/antlr/antlr/2.7.7/antlr-2.7.7.jar:/Users/ibrahimaniang/.m2/repository/org/jboss/jandex/2.4.2.Final/jandex-2.4.2.Final.jar:/Users/ibrahimaniang/.m2/repository/com/fasterxml/classmate/1.5.1/classmate-1.5.1.jar:/Users/ibrahimaniang/.m2/repository/org/hibernate/common/hibernate-commons-annotations/5.1.2.Final/hibernate-commons-annotations-5.1.2.Final.jar:/Users/ibrahimaniang/.m2/repository/org/glassfish/jaxb/jaxb-runtime/2.3.6/jaxb-runtime-2.3.6.jar:/Users/ibrahimaniang/.m2/repository/org/glassfish/jaxb/txw2/2.3.6/txw2-2.3.6.jar:/Users/ibrahimaniang/.m2/repository/com/sun
Launcher Type: SUN_STANDARD

[Global flags]
     intx CICompilerCount                          = 3                                         {product} {ergonomic}
     uint ConcGCThreads                            = 1                                         {product} {ergonomic}
     uint G1ConcRefinementThreads                  = 4                                         {product} {ergonomic}
   size_t G1HeapRegionSize                         = 1048576                                   {product} {ergonomic}
    uintx GCDrainStackTargetSize                   = 64                                        {product} {ergonomic}
   size_t InitialHeapSize                          = 134217728                                 {product} {ergonomic}
   size_t MarkStackSize                            = 4194304                                   {product} {ergonomic}
   size_t MaxHeapSize                              = 2147483648                                {product} {ergonomic}
   size_t MaxNewSize                               = 1287651328                                {product} {ergonomic}
   size_t MinHeapDeltaBytes                        = 1048576                                   {product} {ergonomic}
   size_t MinHeapSize                              = 8388608                                   {product} {ergonomic}
    uintx NonNMethodCodeHeapSize                   = 5832780                                {pd product} {ergonomic}
    uintx NonProfiledCodeHeapSize                  = 122912730                              {pd product} {ergonomic}
    uintx ProfiledCodeHeapSize                     = 122912730                              {pd product} {ergonomic}
    uintx ReservedCodeCacheSize                    = 251658240                              {pd product} {ergonomic}
     bool SegmentedCodeCache                       = true                                      {product} {ergonomic}
     bool ShowCodeDetailsInExceptionMessages       = true                                   {manageable} {command line}
   size_t SoftMaxHeapSize                          = 2147483648                             {manageable} {ergonomic}
     bool UseCompressedClassPointers               = true                           {product lp64_product} {ergonomic}
     bool UseCompressedOops                        = true                           {product lp64_product} {ergonomic}
     bool UseG1GC                                  = true                                      {product} {ergonomic}
     bool UseNUMA                                  = false                                     {product} {ergonomic}
     bool UseNUMAInterleaving                      = false                                     {product} {ergonomic}

Logging:
Log output configuration:
 #0: stdout all=warning uptime,level,tags
 #1: stderr all=off uptime,level,tags

Environment Variables:
PATH=/usr/local/bin:/usr/bin:/bin:/usr/sbin:/sbin:/Library/Apple/usr/bin
SHELL=/bin/zsh
LANG=fr_FR.UTF-8

Signal Handlers:
   SIGSEGV: _ZL13crash_handleriP9__siginfoPv in libjvm.dylib, mask=11100110000111110111111111111111, flags=SA_RESTART|SA_SIGINFO
    SIGBUS: _ZL13crash_handleriP9__siginfoPv in libjvm.dylib, mask=11100110000111110111111111111111, flags=SA_RESTART|SA_SIGINFO
    SIGFPE: _ZL13crash_handleriP9__siginfoPv in libjvm.dylib, mask=11100110000111110111111111111111, flags=SA_RESTART|SA_SIGINFO
   SIGPIPE: _ZL17javaSignalHandleriP9__siginfoPv in libjvm.dylib, mask=11100110000111110111111111111111, flags=SA_RESTART|SA_SIGINFO
   SIGXFSZ: _ZL17javaSignalHandleriP9__siginfoPv in libjvm.dylib, mask=11100110000111110111111111111111, flags=SA_RESTART|SA_SIGINFO
    SIGILL: _ZL13crash_handleriP9__siginfoPv in libjvm.dylib, mask=11100110000111110111111111111111, flags=SA_RESTART|SA_SIGINFO
   SIGUSR2: _ZL10SR_handleriP9__siginfoP17__darwin_ucontext in libjvm.dylib, mask=00000000000000000000000000000000, flags=SA_RESTART|SA_SIGINFO
    SIGHUP: _ZL11UserHandleriPvS_ in libjvm.dylib, mask=11100110000111110111111111111111, flags=SA_RESTART|SA_SIGINFO
    SIGINT: _ZL11UserHandleriPvS_ in libjvm.dylib, mask=11100110000111110111111111111111, flags=SA_RESTART|SA_SIGINFO
   SIGTERM: _ZL11UserHandleriPvS_ in libjvm.dylib, mask=11100110000111110111111111111111, flags=SA_RESTART|SA_SIGINFO
   SIGQUIT: _ZL11UserHandleriPvS_ in libjvm.dylib, mask=11100110000111110111111111111111, flags=SA_RESTART|SA_SIGINFO
   SIGTRAP: _ZL13crash_handleriP9__siginfoPv in libjvm.dylib, mask=11100110000111110111111111111111, flags=SA_RESTART|SA_SIGINFO


---------------  S Y S T E M  ---------------

OS:
uname: Darwin 21.6.0 Darwin Kernel Version 21.6.0: Sun Nov  6 23:31:16 PST 2022; root:xnu-8020.240.14~1/RELEASE_X86_64 x86_64
OS uptime: 6 days 11:53 hours
rlimit (soft/hard): STACK 8192k/65532k , CORE 0k/infinity , NPROC 1392/2088 , NOFILE 10240/infinity , AS infinity/infinity , CPU infinity/infinity , DATA infinity/infinity , FSIZE infinity/infinity , MEMLOCK infinity/infinity , RSS infinity/infinity
load average: 3,63 2,98 2,96

CPU: total 4 (initial active 4) (2 cores per cpu, 2 threads per core) family 6 model 61 stepping 4 microcode 0x2f, cx8, cmov, fxsr, ht, mmx, 3dnowpref, sse, sse2, sse3, ssse3, sse4.1, sse4.2, popcnt, lzcnt, tsc, tscinvbit, avx, avx2, aes, erms, clmul, bmi1, bmi2, adx, fma, vzeroupper, clflush

Memory: 4k page, physical 8388608k(176800k free), swap 4194304k(763904k free)

vm_info: OpenJDK 64-Bit Server VM (17.0.2+8-LTS) for bsd-amd64 JRE (17.0.2+8-LTS), built on Jan 17 2022 04:58:26 by "ec2user" with clang Apple LLVM 13.0.0 (clang-1300.0.29.3)

END.
